0 verbose cli /usr/local/bin/node /usr/local/bin/npm
1 info using npm@11.6.2
2 info using node@v24.13.0
3 silly config load:file:/usr/local/lib/node_modules/npm/npmrc
4 silly config load:file:/Users/johnbutcher/Documents/GitHub/Group-Prototype-1/.npmrc
5 silly config load:file:/Users/johnbutcher/.npmrc
6 silly config load:file:/usr/local/etc/npmrc
7 verbose title npm install jsdom
8 verbose argv "install" "--save-dev" "jsdom"
9 verbose logfile logs-max:10 dir:/Users/johnbutcher/Documents/GitHub/Group-Prototype-1/.npm-cache/_logs/2026-03-09T12_25_17_418Z-
10 verbose logfile /Users/johnbutcher/Documents/GitHub/Group-Prototype-1/.npm-cache/_logs/2026-03-09T12_25_17_418Z-debug-0.log
11 silly logfile done cleaning log files
12 silly packumentCache heap:4496293888 maxSize:1124073472 maxEntrySize:562036736
13 silly idealTree buildDeps
14 silly fetch manifest jsdom@*
15 silly packumentCache full:https://registry.npmjs.org/jsdom cache-miss
16 http cache https://registry.npmjs.org/jsdom 78ms (cache hit)
17 silly packumentCache full:https://registry.npmjs.org/jsdom set size:1042325 disposed:false
18 silly fetch manifest canvas@^3.0.0
19 silly packumentCache full:https://registry.npmjs.org/canvas cache-miss
20 http cache https://registry.npmjs.org/canvas 4ms (cache hit)
21 silly packumentCache full:https://registry.npmjs.org/canvas set size:366497 disposed:false
22 silly placeDep ROOT jsdom@28.1.0 OK for: group-prototype-1@0.1.0 want: *
23 silly fetch manifest @acemir/cssom@^0.9.31
24 silly packumentCache full:https://registry.npmjs.org/@acemir%2fcssom cache-miss
25 silly fetch manifest @asamuzakjp/dom-selector@^6.8.1
26 silly packumentCache full:https://registry.npmjs.org/@asamuzakjp%2fdom-selector cache-miss
27 silly fetch manifest @bramus/specificity@^2.4.2
28 silly packumentCache full:https://registry.npmjs.org/@bramus%2fspecificity cache-miss
29 silly fetch manifest @exodus/bytes@^1.11.0
30 silly packumentCache full:https://registry.npmjs.org/@exodus%2fbytes cache-miss
31 silly fetch manifest cssstyle@^6.0.1
32 silly packumentCache full:https://registry.npmjs.org/cssstyle cache-miss
33 silly fetch manifest data-urls@^7.0.0
34 silly packumentCache full:https://registry.npmjs.org/data-urls cache-miss
35 silly fetch manifest decimal.js@^10.6.0
36 silly packumentCache full:https://registry.npmjs.org/decimal.js cache-miss
37 silly fetch manifest html-encoding-sniffer@^6.0.0
38 silly packumentCache full:https://registry.npmjs.org/html-encoding-sniffer cache-miss
39 silly fetch manifest http-proxy-agent@^7.0.2
40 silly packumentCache full:https://registry.npmjs.org/http-proxy-agent cache-miss
41 silly fetch manifest https-proxy-agent@^7.0.6
42 silly packumentCache full:https://registry.npmjs.org/https-proxy-agent cache-miss
43 silly fetch manifest is-potential-custom-element-name@^1.0.1
44 silly packumentCache full:https://registry.npmjs.org/is-potential-custom-element-name cache-miss
45 http fetch GET 200 https://registry.npmjs.org/is-potential-custom-element-name 170ms (cache miss)
46 silly packumentCache full:https://registry.npmjs.org/is-potential-custom-element-name set size:undefined disposed:false
47 silly fetch manifest parse5@^8.0.0
48 silly packumentCache full:https://registry.npmjs.org/parse5 cache-miss
49 http fetch GET 200 https://registry.npmjs.org/data-urls 178ms (cache miss)
50 silly packumentCache full:https://registry.npmjs.org/data-urls set size:undefined disposed:false
51 silly fetch manifest saxes@^6.0.0
52 silly packumentCache full:https://registry.npmjs.org/saxes cache-miss
53 http fetch GET 200 https://registry.npmjs.org/@acemir%2fcssom 183ms (cache miss)
54 silly packumentCache full:https://registry.npmjs.org/@acemir%2fcssom set size:undefined disposed:false
55 silly fetch manifest symbol-tree@^3.2.4
56 silly packumentCache full:https://registry.npmjs.org/symbol-tree cache-miss
57 http fetch GET 200 https://registry.npmjs.org/html-encoding-sniffer 182ms (cache miss)
58 silly packumentCache full:https://registry.npmjs.org/html-encoding-sniffer set size:undefined disposed:false
59 silly fetch manifest tough-cookie@^6.0.0
60 silly packumentCache full:https://registry.npmjs.org/tough-cookie cache-miss
61 http fetch GET 200 https://registry.npmjs.org/http-proxy-agent 183ms (cache miss)
62 silly packumentCache full:https://registry.npmjs.org/http-proxy-agent set size:undefined disposed:false
63 silly fetch manifest undici@^7.21.0
64 silly packumentCache full:https://registry.npmjs.org/undici cache-miss
65 http fetch GET 200 https://registry.npmjs.org/decimal.js 189ms (cache miss)
66 silly packumentCache full:https://registry.npmjs.org/decimal.js set size:undefined disposed:false
67 silly fetch manifest w3c-xmlserializer@^5.0.0
68 silly packumentCache full:https://registry.npmjs.org/w3c-xmlserializer cache-miss
69 http fetch GET 200 https://registry.npmjs.org/@bramus%2fspecificity 194ms (cache miss)
70 silly packumentCache full:https://registry.npmjs.org/@bramus%2fspecificity set size:undefined disposed:false
71 silly fetch manifest webidl-conversions@^8.0.1
72 silly packumentCache full:https://registry.npmjs.org/webidl-conversions cache-miss
73 http fetch GET 200 https://registry.npmjs.org/cssstyle 196ms (cache miss)
74 silly packumentCache full:https://registry.npmjs.org/cssstyle set size:undefined disposed:false
75 silly fetch manifest whatwg-mimetype@^5.0.0
76 silly packumentCache full:https://registry.npmjs.org/whatwg-mimetype cache-miss
77 http fetch GET 200 https://registry.npmjs.org/@exodus%2fbytes 200ms (cache miss)
78 silly packumentCache full:https://registry.npmjs.org/@exodus%2fbytes set size:undefined disposed:false
79 silly fetch manifest whatwg-url@^16.0.0
80 silly packumentCache full:https://registry.npmjs.org/whatwg-url cache-miss
81 http fetch GET 200 https://registry.npmjs.org/https-proxy-agent 205ms (cache miss)
82 silly packumentCache full:https://registry.npmjs.org/https-proxy-agent set size:undefined disposed:false
83 silly fetch manifest xml-name-validator@^5.0.0
84 silly packumentCache full:https://registry.npmjs.org/xml-name-validator cache-miss
85 http fetch GET 200 https://registry.npmjs.org/@asamuzakjp%2fdom-selector 213ms (cache miss)
86 silly packumentCache full:https://registry.npmjs.org/@asamuzakjp%2fdom-selector set size:undefined disposed:false
87 http fetch GET 200 https://registry.npmjs.org/parse5 64ms (cache miss)
88 silly packumentCache full:https://registry.npmjs.org/parse5 set size:undefined disposed:false
89 http fetch GET 200 https://registry.npmjs.org/whatwg-mimetype 45ms (cache miss)
90 silly packumentCache full:https://registry.npmjs.org/whatwg-mimetype set size:undefined disposed:false
91 http fetch GET 200 https://registry.npmjs.org/webidl-conversions 49ms (cache miss)
92 silly packumentCache full:https://registry.npmjs.org/webidl-conversions set size:undefined disposed:false
93 http fetch GET 200 https://registry.npmjs.org/saxes 66ms (cache miss)
94 silly packumentCache full:https://registry.npmjs.org/saxes set size:undefined disposed:false
95 http fetch GET 200 https://registry.npmjs.org/tough-cookie 66ms (cache miss)
96 silly packumentCache full:https://registry.npmjs.org/tough-cookie set size:undefined disposed:false
97 http fetch GET 200 https://registry.npmjs.org/symbol-tree 70ms (cache miss)
98 silly packumentCache full:https://registry.npmjs.org/symbol-tree set size:undefined disposed:false
99 http fetch GET 200 https://registry.npmjs.org/xml-name-validator 47ms (cache miss)
100 silly packumentCache full:https://registry.npmjs.org/xml-name-validator set size:undefined disposed:false
101 http fetch GET 200 https://registry.npmjs.org/w3c-xmlserializer 64ms (cache miss)
102 silly packumentCache full:https://registry.npmjs.org/w3c-xmlserializer set size:undefined disposed:false
103 http fetch GET 200 https://registry.npmjs.org/whatwg-url 57ms (cache miss)
104 silly packumentCache full:https://registry.npmjs.org/whatwg-url set size:undefined disposed:false
105 http fetch GET 200 https://registry.npmjs.org/undici 82ms (cache miss)
106 silly packumentCache full:https://registry.npmjs.org/undici set size:undefined disposed:false
107 silly fetch manifest @noble/hashes@^1.8.0 || ^2.0.0
108 silly packumentCache full:https://registry.npmjs.org/@noble%2fhashes cache-miss
109 http fetch GET 200 https://registry.npmjs.org/@noble%2fhashes 99ms (cache miss)
110 silly packumentCache full:https://registry.npmjs.org/@noble%2fhashes set size:undefined disposed:false
111 silly placeDep ROOT @acemir/cssom@0.9.31 OK for: jsdom@28.1.0 want: ^0.9.31
112 silly placeDep ROOT @asamuzakjp/dom-selector@6.8.1 OK for: jsdom@28.1.0 want: ^6.8.1
113 silly placeDep ROOT @bramus/specificity@2.4.2 OK for: jsdom@28.1.0 want: ^2.4.2
114 silly placeDep ROOT @exodus/bytes@1.15.0 OK for: jsdom@28.1.0 want: ^1.11.0
115 silly placeDep ROOT cssstyle@6.2.0 OK for: jsdom@28.1.0 want: ^6.0.1
116 silly placeDep ROOT data-urls@7.0.0 OK for: jsdom@28.1.0 want: ^7.0.0
117 silly placeDep ROOT decimal.js@10.6.0 OK for: jsdom@28.1.0 want: ^10.6.0
118 silly placeDep ROOT html-encoding-sniffer@6.0.0 OK for: jsdom@28.1.0 want: ^6.0.0
119 silly placeDep ROOT http-proxy-agent@7.0.2 OK for: jsdom@28.1.0 want: ^7.0.2
120 silly placeDep ROOT https-proxy-agent@7.0.6 OK for: jsdom@28.1.0 want: ^7.0.6
121 silly placeDep ROOT is-potential-custom-element-name@1.0.1 OK for: jsdom@28.1.0 want: ^1.0.1
122 silly placeDep ROOT parse5@8.0.0 OK for: jsdom@28.1.0 want: ^8.0.0
123 silly placeDep ROOT saxes@6.0.0 OK for: jsdom@28.1.0 want: ^6.0.0
124 silly placeDep ROOT symbol-tree@3.2.4 OK for: jsdom@28.1.0 want: ^3.2.4
125 silly placeDep ROOT tough-cookie@6.0.0 OK for: jsdom@28.1.0 want: ^6.0.0
126 silly placeDep ROOT undici@7.22.0 OK for: jsdom@28.1.0 want: ^7.21.0
127 silly placeDep ROOT w3c-xmlserializer@5.0.0 OK for: jsdom@28.1.0 want: ^5.0.0
128 silly placeDep ROOT webidl-conversions@8.0.1 OK for: jsdom@28.1.0 want: ^8.0.1
129 silly placeDep ROOT whatwg-mimetype@5.0.0 OK for: jsdom@28.1.0 want: ^5.0.0
130 silly placeDep ROOT whatwg-url@16.0.1 OK for: jsdom@28.1.0 want: ^16.0.0
131 silly placeDep ROOT xml-name-validator@5.0.0 OK for: jsdom@28.1.0 want: ^5.0.0
132 silly fetch manifest bidi-js@^1.0.3
133 silly packumentCache full:https://registry.npmjs.org/bidi-js cache-miss
134 silly fetch manifest css-tree@^3.1.0
135 silly packumentCache full:https://registry.npmjs.org/css-tree cache-miss
136 silly fetch manifest lru-cache@^11.2.6
137 silly packumentCache full:https://registry.npmjs.org/lru-cache cache-miss
138 silly fetch manifest @asamuzakjp/nwsapi@^2.3.9
139 silly packumentCache full:https://registry.npmjs.org/@asamuzakjp%2fnwsapi cache-miss
140 silly fetch manifest css-tree@^3.0.0
141 silly packumentCache full:https://registry.npmjs.org/css-tree cache-miss
142 silly fetch manifest @asamuzakjp/css-color@^5.0.1
143 silly packumentCache full:https://registry.npmjs.org/@asamuzakjp%2fcss-color cache-miss
144 silly fetch manifest @csstools/css-syntax-patches-for-csstree@^1.0.28
145 silly packumentCache full:https://registry.npmjs.org/@csstools%2fcss-syntax-patches-for-csstree cache-miss
146 silly fetch manifest css-tree@^3.1.0
147 silly packumentCache full:https://registry.npmjs.org/css-tree cache-miss
148 silly fetch manifest lru-cache@^11.2.6
149 silly packumentCache full:https://registry.npmjs.org/lru-cache cache-miss
150 silly fetch manifest agent-base@^7.1.0
151 silly packumentCache full:https://registry.npmjs.org/agent-base cache-miss
152 silly fetch manifest agent-base@^7.1.2
153 silly packumentCache full:https://registry.npmjs.org/agent-base cache-miss
154 http cache https://registry.npmjs.org/lru-cache 14ms (cache hit)
155 silly packumentCache full:https://registry.npmjs.org/lru-cache set size:413591 disposed:false
156 silly fetch manifest entities@^6.0.0
157 silly packumentCache full:https://registry.npmjs.org/entities cache-miss
158 http cache https://registry.npmjs.org/lru-cache 18ms (cache hit)
159 silly packumentCache full:https://registry.npmjs.org/lru-cache set size:413591 disposed:false
160 silly packumentCache full:https://registry.npmjs.org/lru-cache dispose
161 silly fetch manifest xmlchars@^2.2.0
162 silly packumentCache full:https://registry.npmjs.org/xmlchars cache-miss
163 http fetch GET 200 https://registry.npmjs.org/css-tree 47ms (cache miss)
164 silly packumentCache full:https://registry.npmjs.org/css-tree set size:undefined disposed:false
165 silly fetch manifest tldts@^7.0.5
166 silly packumentCache full:https://registry.npmjs.org/tldts cache-miss
167 http fetch GET 200 https://registry.npmjs.org/css-tree 51ms (cache miss)
168 silly packumentCache full:https://registry.npmjs.org/css-tree set size:undefined disposed:false
169 silly fetch manifest tr46@^6.0.0
170 silly packumentCache full:https://registry.npmjs.org/tr46 cache-miss
171 http fetch GET 200 https://registry.npmjs.org/agent-base 54ms (cache miss)
172 silly packumentCache full:https://registry.npmjs.org/agent-base set size:undefined disposed:false
173 http fetch GET 200 https://registry.npmjs.org/agent-base 55ms (cache miss)
174 silly packumentCache full:https://registry.npmjs.org/agent-base set size:undefined disposed:false
175 http fetch GET 200 https://registry.npmjs.org/@asamuzakjp%2fnwsapi 63ms (cache miss)
176 silly packumentCache full:https://registry.npmjs.org/@asamuzakjp%2fnwsapi set size:undefined disposed:false
177 http fetch GET 200 https://registry.npmjs.org/bidi-js 65ms (cache miss)
178 silly packumentCache full:https://registry.npmjs.org/bidi-js set size:undefined disposed:false
179 http fetch GET 200 https://registry.npmjs.org/entities 48ms (cache miss)
180 silly packumentCache full:https://registry.npmjs.org/entities set size:undefined disposed:false
181 http fetch GET 200 https://registry.npmjs.org/@csstools%2fcss-syntax-patches-for-csstree 66ms (cache miss)
182 silly packumentCache full:https://registry.npmjs.org/@csstools%2fcss-syntax-patches-for-csstree set size:undefined disposed:false
183 http fetch GET 200 https://registry.npmjs.org/@asamuzakjp%2fcss-color 68ms (cache miss)
184 silly packumentCache full:https://registry.npmjs.org/@asamuzakjp%2fcss-color set size:undefined disposed:false
185 http fetch GET 200 https://registry.npmjs.org/xmlchars 52ms (cache miss)
186 silly packumentCache full:https://registry.npmjs.org/xmlchars set size:undefined disposed:false
187 http fetch GET 200 https://registry.npmjs.org/css-tree 79ms (cache miss)
188 silly packumentCache full:https://registry.npmjs.org/css-tree set size:undefined disposed:false
189 http fetch GET 200 https://registry.npmjs.org/tr46 34ms (cache miss)
190 silly packumentCache full:https://registry.npmjs.org/tr46 set size:undefined disposed:false
191 http fetch GET 200 https://registry.npmjs.org/tldts 107ms (cache miss)
192 silly packumentCache full:https://registry.npmjs.org/tldts set size:undefined disposed:false
193 silly placeDep ROOT @asamuzakjp/nwsapi@2.3.9 OK for: @asamuzakjp/dom-selector@6.8.1 want: ^2.3.9
194 silly placeDep ROOT bidi-js@1.0.3 OK for: @asamuzakjp/dom-selector@6.8.1 want: ^1.0.3
195 silly placeDep ROOT css-tree@3.2.1 OK for: @asamuzakjp/dom-selector@6.8.1 want: ^3.1.0
196 silly placeDep node_modules/@asamuzakjp/dom-selector lru-cache@11.2.6 OK for: @asamuzakjp/dom-selector@6.8.1 want: ^11.2.6
197 silly fetch manifest require-from-string@^2.0.2
198 silly packumentCache full:https://registry.npmjs.org/require-from-string cache-miss
199 silly fetch manifest mdn-data@2.27.1
200 silly packumentCache full:https://registry.npmjs.org/mdn-data cache-miss
201 http fetch GET 200 https://registry.npmjs.org/require-from-string 47ms (cache miss)
202 silly packumentCache full:https://registry.npmjs.org/require-from-string set size:undefined disposed:false
203 http fetch GET 200 https://registry.npmjs.org/mdn-data 49ms (cache miss)
204 silly packumentCache full:https://registry.npmjs.org/mdn-data set size:undefined disposed:false
205 silly placeDep ROOT require-from-string@2.0.2 OK for: bidi-js@1.0.3 want: ^2.0.2
206 silly placeDep ROOT mdn-data@2.27.1 OK for: css-tree@3.2.1 want: 2.27.1
207 silly placeDep ROOT @asamuzakjp/css-color@5.0.1 OK for: cssstyle@6.2.0 want: ^5.0.1
208 silly placeDep ROOT @csstools/css-syntax-patches-for-csstree@1.1.0 OK for: cssstyle@6.2.0 want: ^1.0.28
209 silly placeDep node_modules/cssstyle lru-cache@11.2.6 OK for: cssstyle@6.2.0 want: ^11.2.6
210 silly fetch manifest @csstools/css-calc@^3.1.1
211 silly packumentCache full:https://registry.npmjs.org/@csstools%2fcss-calc cache-miss
212 silly fetch manifest @csstools/css-color-parser@^4.0.2
213 silly packumentCache full:https://registry.npmjs.org/@csstools%2fcss-color-parser cache-miss
214 silly fetch manifest @csstools/css-parser-algorithms@^4.0.0
215 silly packumentCache full:https://registry.npmjs.org/@csstools%2fcss-parser-algorithms cache-miss
216 silly fetch manifest @csstools/css-tokenizer@^4.0.0
217 silly packumentCache full:https://registry.npmjs.org/@csstools%2fcss-tokenizer cache-miss
218 http fetch GET 200 https://registry.npmjs.org/@csstools%2fcss-tokenizer 47ms (cache miss)
219 silly packumentCache full:https://registry.npmjs.org/@csstools%2fcss-tokenizer set size:undefined disposed:false
220 http fetch GET 200 https://registry.npmjs.org/@csstools%2fcss-color-parser 50ms (cache miss)
221 silly packumentCache full:https://registry.npmjs.org/@csstools%2fcss-color-parser set size:undefined disposed:false
222 http fetch GET 200 https://registry.npmjs.org/@csstools%2fcss-parser-algorithms 66ms (cache miss)
223 silly packumentCache full:https://registry.npmjs.org/@csstools%2fcss-parser-algorithms set size:undefined disposed:false
224 http fetch GET 200 https://registry.npmjs.org/@csstools%2fcss-calc 86ms (cache miss)
225 silly packumentCache full:https://registry.npmjs.org/@csstools%2fcss-calc set size:undefined disposed:false
226 silly placeDep ROOT @csstools/css-calc@3.1.1 OK for: @asamuzakjp/css-color@5.0.1 want: ^3.1.1
227 silly placeDep ROOT @csstools/css-parser-algorithms@4.0.0 OK for: @csstools/css-calc@3.1.1 want: ^4.0.0
228 silly placeDep ROOT @csstools/css-tokenizer@4.0.0 OK for: @csstools/css-parser-algorithms@4.0.0 want: ^4.0.0
229 silly placeDep ROOT @csstools/css-color-parser@4.0.2 OK for: @asamuzakjp/css-color@5.0.1 want: ^4.0.2
230 silly placeDep node_modules/@asamuzakjp/css-color lru-cache@11.2.6 OK for: @asamuzakjp/css-color@5.0.1 want: ^11.2.6
231 silly fetch manifest @csstools/color-helpers@^6.0.2
232 silly packumentCache full:https://registry.npmjs.org/@csstools%2fcolor-helpers cache-miss
233 http fetch GET 200 https://registry.npmjs.org/@csstools%2fcolor-helpers 54ms (cache miss)
234 silly packumentCache full:https://registry.npmjs.org/@csstools%2fcolor-helpers set size:undefined disposed:false
235 silly placeDep ROOT @csstools/color-helpers@6.0.2 OK for: @csstools/css-color-parser@4.0.2 want: ^6.0.2
236 silly placeDep ROOT agent-base@7.1.4 OK for: http-proxy-agent@7.0.2 want: ^7.1.0
237 silly placeDep ROOT entities@6.0.1 OK for: parse5@8.0.0 want: ^6.0.0
238 silly placeDep ROOT xmlchars@2.2.0 OK for: saxes@6.0.0 want: ^2.2.0
239 silly placeDep ROOT tldts@7.0.25 OK for: tough-cookie@6.0.0 want: ^7.0.5
240 silly fetch manifest tldts-core@^7.0.25
241 silly packumentCache full:https://registry.npmjs.org/tldts-core cache-miss
242 http fetch GET 200 https://registry.npmjs.org/tldts-core 101ms (cache miss)
243 silly packumentCache full:https://registry.npmjs.org/tldts-core set size:undefined disposed:false
244 silly placeDep ROOT tldts-core@7.0.25 OK for: tldts@7.0.25 want: ^7.0.25
245 silly placeDep ROOT tr46@6.0.0 OK for: whatwg-url@16.0.1 want: ^6.0.0
246 silly reify moves {}
247 silly audit bulk request {
247 silly audit   '@adobe/css-tools': [ '4.4.4' ],
247 silly audit   '@babel/code-frame': [ '7.29.0' ],
247 silly audit   '@babel/compat-data': [ '7.29.0' ],
247 silly audit   '@babel/core': [ '7.29.0' ],
247 silly audit   semver: [ '6.3.1', '7.7.4' ],
247 silly audit   '@babel/generator': [ '7.29.1' ],
247 silly audit   '@babel/helper-compilation-targets': [ '7.28.6' ],
247 silly audit   '@babel/helper-globals': [ '7.28.0' ],
247 silly audit   '@babel/helper-module-imports': [ '7.28.6' ],
247 silly audit   '@babel/helper-module-transforms': [ '7.28.6' ],
247 silly audit   '@babel/helper-plugin-utils': [ '7.28.6' ],
247 silly audit   '@babel/helper-string-parser': [ '7.27.1' ],
247 silly audit   '@babel/helper-validator-identifier': [ '7.28.5' ],
247 silly audit   '@babel/helper-validator-option': [ '7.27.1' ],
247 silly audit   '@babel/helpers': [ '7.28.6' ],
247 silly audit   '@babel/parser': [ '7.29.0' ],
247 silly audit   '@babel/plugin-transform-react-jsx-self': [ '7.27.1' ],
247 silly audit   '@babel/plugin-transform-react-jsx-source': [ '7.27.1' ],
247 silly audit   '@babel/runtime': [ '7.28.6' ],
247 silly audit   '@babel/template': [ '7.28.6' ],
247 silly audit   '@babel/traverse': [ '7.29.0' ],
247 silly audit   '@babel/types': [ '7.29.0' ],
247 silly audit   '@esbuild/aix-ppc64': [ '0.21.5' ],
247 silly audit   '@esbuild/android-arm': [ '0.21.5' ],
247 silly audit   '@esbuild/android-arm64': [ '0.21.5' ],
247 silly audit   '@esbuild/android-x64': [ '0.21.5' ],
247 silly audit   '@esbuild/darwin-arm64': [ '0.21.5' ],
247 silly audit   '@esbuild/darwin-x64': [ '0.21.5' ],
247 silly audit   '@esbuild/freebsd-arm64': [ '0.21.5' ],
247 silly audit   '@esbuild/freebsd-x64': [ '0.21.5' ],
247 silly audit   '@esbuild/linux-arm': [ '0.21.5' ],
247 silly audit   '@esbuild/linux-arm64': [ '0.21.5' ],
247 silly audit   '@esbuild/linux-ia32': [ '0.21.5' ],
247 silly audit   '@esbuild/linux-loong64': [ '0.21.5' ],
247 silly audit   '@esbuild/linux-mips64el': [ '0.21.5' ],
247 silly audit   '@esbuild/linux-ppc64': [ '0.21.5' ],
247 silly audit   '@esbuild/linux-riscv64': [ '0.21.5' ],
247 silly audit   '@esbuild/linux-s390x': [ '0.21.5' ],
247 silly audit   '@esbuild/linux-x64': [ '0.21.5' ],
247 silly audit   '@esbuild/netbsd-x64': [ '0.21.5' ],
247 silly audit   '@esbuild/openbsd-x64': [ '0.21.5' ],
247 silly audit   '@esbuild/sunos-x64': [ '0.21.5' ],
247 silly audit   '@esbuild/win32-arm64': [ '0.21.5' ],
247 silly audit   '@esbuild/win32-ia32': [ '0.21.5' ],
247 silly audit   '@esbuild/win32-x64': [ '0.21.5' ],
247 silly audit   '@eslint-community/eslint-utils': [ '4.9.1' ],
247 silly audit   '@eslint-community/regexpp': [ '4.12.2' ],
247 silly audit   '@eslint/eslintrc': [ '2.1.4' ],
247 silly audit   'brace-expansion': [ '1.1.12', '2.0.2' ],
247 silly audit   minimatch: [ '3.1.5', '9.0.3' ],
247 silly audit   '@eslint/js': [ '8.57.1' ],
247 silly audit   '@humanwhocodes/config-array': [ '0.13.0' ],
247 silly audit   '@humanwhocodes/module-importer': [ '1.0.1' ],
247 silly audit   '@humanwhocodes/object-schema': [ '2.0.3' ],
247 silly audit   '@jest/diff-sequences': [ '30.0.1' ],
247 silly audit   '@jest/expect-utils': [ '30.2.0' ],
247 silly audit   '@jest/get-type': [ '30.1.0' ],
247 silly audit   '@jest/pattern': [ '30.0.1' ],
247 silly audit   '@jest/schemas': [ '30.0.5', '29.6.3' ],
247 silly audit   '@jest/types': [ '30.2.0' ],
247 silly audit   chalk: [ '4.1.2', '3.0.0' ],
247 silly audit   '@jridgewell/gen-mapping': [ '0.3.13' ],
247 silly audit   '@jridgewell/remapping': [ '2.3.5' ],
247 silly audit   '@jridgewell/resolve-uri': [ '3.1.2' ],
247 silly audit   '@jridgewell/sourcemap-codec': [ '1.5.5' ],
247 silly audit   '@jridgewell/trace-mapping': [ '0.3.31' ],
247 silly audit   '@nodelib/fs.scandir': [ '2.1.5' ],
247 silly audit   '@nodelib/fs.stat': [ '2.0.5' ],
247 silly audit   '@nodelib/fs.walk': [ '1.2.8' ],
247 silly audit   '@rolldown/pluginutils': [ '1.0.0-beta.27' ],
247 silly audit   '@rollup/rollup-android-arm-eabi': [ '4.59.0' ],
247 silly audit   '@rollup/rollup-android-arm64': [ '4.59.0' ],
247 silly audit   '@rollup/rollup-darwin-arm64': [ '4.59.0' ],
247 silly audit   '@rollup/rollup-darwin-x64': [ '4.59.0' ],
247 silly audit   '@rollup/rollup-freebsd-arm64': [ '4.59.0' ],
247 silly audit   '@rollup/rollup-freebsd-x64': [ '4.59.0' ],
247 silly audit   '@rollup/rollup-linux-arm-gnueabihf': [ '4.59.0' ],
247 silly audit   '@rollup/rollup-linux-arm-musleabihf': [ '4.59.0' ],
247 silly audit   '@rollup/rollup-linux-arm64-gnu': [ '4.59.0' ],
247 silly audit   '@rollup/rollup-linux-arm64-musl': [ '4.59.0' ],
247 silly audit   '@rollup/rollup-linux-loong64-gnu': [ '4.59.0' ],
247 silly audit   '@rollup/rollup-linux-loong64-musl': [ '4.59.0' ],
247 silly audit   '@rollup/rollup-linux-ppc64-gnu': [ '4.59.0' ],
247 silly audit   '@rollup/rollup-linux-ppc64-musl': [ '4.59.0' ],
247 silly audit   '@rollup/rollup-linux-riscv64-gnu': [ '4.59.0' ],
247 silly audit   '@rollup/rollup-linux-riscv64-musl': [ '4.59.0' ],
247 silly audit   '@rollup/rollup-linux-s390x-gnu': [ '4.59.0' ],
247 silly audit   '@rollup/rollup-linux-x64-gnu': [ '4.59.0' ],
247 silly audit   '@rollup/rollup-linux-x64-musl': [ '4.59.0' ],
247 silly audit   '@rollup/rollup-openbsd-x64': [ '4.59.0' ],
247 silly audit   '@rollup/rollup-openharmony-arm64': [ '4.59.0' ],
247 silly audit   '@rollup/rollup-win32-arm64-msvc': [ '4.59.0' ],
247 silly audit   '@rollup/rollup-win32-ia32-msvc': [ '4.59.0' ],
247 silly audit   '@rollup/rollup-win32-x64-gnu': [ '4.59.0' ],
247 silly audit   '@rollup/rollup-win32-x64-msvc': [ '4.59.0' ],
247 silly audit   '@sinclair/typebox': [ '0.34.48', '0.27.10' ],
247 silly audit   '@testing-library/dom': [ '9.3.4' ],
247 silly audit   'aria-query': [ '5.1.3', '5.3.2' ],
247 silly audit   '@testing-library/jest-dom': [ '5.17.0' ],
247 silly audit   '@testing-library/react': [ '14.3.1' ],
247 silly audit   '@types/aria-query': [ '5.0.4' ],
247 silly audit   '@types/babel__core': [ '7.20.5' ],
247 silly audit   '@types/babel__generator': [ '7.27.0' ],
247 silly audit   '@types/babel__template': [ '7.4.4' ],
247 silly audit   '@types/babel__traverse': [ '7.28.0' ],
247 silly audit   '@types/chai': [ '4.3.20' ],
247 silly audit   '@types/chai-subset': [ '1.3.6' ],
247 silly audit   '@types/estree': [ '1.0.8' ],
247 silly audit   '@types/istanbul-lib-coverage': [ '2.0.6' ],
247 silly audit   '@types/istanbul-lib-report': [ '3.0.3' ],
247 silly audit   '@types/istanbul-reports': [ '3.0.4' ],
247 silly audit   '@types/jest': [ '30.0.0' ],
247 silly audit   'ansi-styles': [ '5.2.0', '4.3.0' ],
247 silly audit   'pretty-format': [ '30.2.0', '29.7.0', '27.5.1' ],
247 silly audit   'react-is': [ '18.3.1', '16.13.1', '17.0.2' ],
247 silly audit   '@types/json-schema': [ '7.0.15' ],
247 silly audit   '@types/node': [ '25.3.5' ],
247 silly audit   '@types/prop-types': [ '15.7.15' ],
247 silly audit   '@types/react': [ '18.3.28' ],
247 silly audit   '@types/react-dom': [ '18.3.7' ],
247 silly audit   '@types/semver': [ '7.7.1' ],
247 silly audit   '@types/stack-utils': [ '2.0.3' ],
247 silly audit   '@types/testing-library__jest-dom': [ '5.14.9' ],
247 silly audit   '@types/yargs': [ '17.0.35' ],
247 silly audit   '@types/yargs-parser': [ '21.0.3' ],
247 silly audit   '@typescript-eslint/eslint-plugin': [ '6.21.0' ],
247 silly audit   '@typescript-eslint/parser': [ '6.21.0' ],
247 silly audit   '@typescript-eslint/scope-manager': [ '6.21.0' ],
247 silly audit   '@typescript-eslint/type-utils': [ '6.21.0' ],
247 silly audit   '@typescript-eslint/types': [ '6.21.0' ],
247 silly audit   '@typescript-eslint/typescript-estree': [ '6.21.0' ],
247 silly audit   '@typescript-eslint/utils': [ '6.21.0' ],
247 silly audit   '@typescript-eslint/visitor-keys': [ '6.21.0' ],
247 silly audit   '@ungap/structured-clone': [ '1.3.0' ],
247 silly audit   '@vitejs/plugin-react': [ '4.7.0' ],
247 silly audit   '@vitest/expect': [ '0.34.6' ],
247 silly audit   '@vitest/runner': [ '0.34.6' ],
247 silly audit   'p-limit': [ '4.0.0', '3.1.0' ],
247 silly audit   'yocto-queue': [ '1.2.2', '0.1.0' ],
247 silly audit   '@vitest/snapshot': [ '0.34.6' ],
247 silly audit   '@vitest/spy': [ '0.34.6' ],
247 silly audit   '@vitest/utils': [ '0.34.6' ],
247 silly audit   acorn: [ '8.16.0' ],
247 silly audit   'acorn-jsx': [ '5.3.2' ],
247 silly audit   'acorn-walk': [ '8.3.5' ],
247 silly audit   ajv: [ '6.14.0' ],
247 silly audit   'ansi-regex': [ '5.0.1' ],
247 silly audit   argparse: [ '2.0.1' ],
247 silly audit   'array-buffer-byte-length': [ '1.0.2' ],
247 silly audit   'array-includes': [ '3.1.9' ],
247 silly audit   'array-union': [ '2.1.0' ],
247 silly audit   'array.prototype.findlast': [ '1.2.5' ],
247 silly audit   'array.prototype.flat': [ '1.3.3' ],
247 silly audit   'array.prototype.flatmap': [ '1.3.3' ],
247 silly audit   'array.prototype.tosorted': [ '1.1.4' ],
247 silly audit   'arraybuffer.prototype.slice': [ '1.0.4' ],
247 silly audit   'assertion-error': [ '1.1.0' ],
247 silly audit   'async-function': [ '1.0.0' ],
247 silly audit   'available-typed-arrays': [ '1.0.7' ],
247 silly audit   'balanced-match': [ '1.0.2' ],
247 silly audit   'baseline-browser-mapping': [ '2.10.0' ],
247 silly audit   braces: [ '3.0.3' ],
247 silly audit   browserslist: [ '4.28.1' ],
247 silly audit   cac: [ '6.7.14' ],
247 silly audit   'call-bind': [ '1.0.8' ],
247 silly audit   'call-bind-apply-helpers': [ '1.0.2' ],
247 silly audit   'call-bound': [ '1.0.4' ],
247 silly audit   callsites: [ '3.1.0' ],
247 silly audit   'caniuse-lite': [ '1.0.30001777' ],
247 silly audit   chai: [ '4.5.0' ],
247 silly audit   'check-error': [ '1.0.3' ],
247 silly audit   'ci-info': [ '4.4.0' ],
247 silly audit   'color-convert': [ '2.0.1' ],
247 silly audit   'color-name': [ '1.1.4' ],
247 silly audit   'concat-map': [ '0.0.1' ],
247 silly audit   confbox: [ '0.1.8' ],
247 silly audit   'convert-source-map': [ '2.0.0' ],
247 silly audit   'cross-spawn': [ '7.0.6' ],
247 silly audit   'css.escape': [ '1.5.1' ],
247 silly audit   csstype: [ '3.2.3' ],
247 silly audit   'data-view-buffer': [ '1.0.2' ],
247 silly audit   'data-view-byte-length': [ '1.0.2' ],
247 silly audit   'data-view-byte-offset': [ '1.0.1' ],
247 silly audit   debug: [ '4.4.3' ],
247 silly audit   'deep-eql': [ '4.1.4' ],
247 silly audit   'deep-equal': [ '2.2.3' ],
247 silly audit   'deep-is': [ '0.1.4' ],
247 silly audit   'define-data-property': [ '1.1.4' ],
247 silly audit   'define-properties': [ '1.2.1' ],
247 silly audit   'diff-sequences': [ '29.6.3' ],
247 silly audit   'dir-glob': [ '3.0.1' ],
247 silly audit   doctrine: [ '3.0.0', '2.1.0' ],
247 silly audit   'dom-accessibility-api': [ '0.5.16' ],
247 silly audit   'dunder-proto': [ '1.0.1' ],
247 silly audit   'electron-to-chromium': [ '1.5.307' ],
247 silly audit   'es-abstract': [ '1.24.1' ],
247 silly audit   'es-define-property': [ '1.0.1' ],
247 silly audit   'es-errors': [ '1.3.0' ],
247 silly audit   'es-get-iterator': [ '1.1.3' ],
247 silly audit   'es-iterator-helpers': [ '1.2.2' ],
247 silly audit   'es-object-atoms': [ '1.1.1' ],
247 silly audit   'es-set-tostringtag': [ '2.1.0' ],
247 silly audit   'es-shim-unscopables': [ '1.1.0' ],
247 silly audit   'es-to-primitive': [ '1.3.0' ],
247 silly audit   esbuild: [ '0.21.5' ],
247 silly audit   escalade: [ '3.2.0' ],
247 silly audit   'escape-string-regexp': [ '4.0.0', '2.0.0' ],
247 silly audit   eslint: [ '8.57.1' ],
247 silly audit   'eslint-config-prettier': [ '9.1.2' ],
247 silly audit   'eslint-plugin-react': [ '7.37.5' ],
247 silly audit   'eslint-plugin-react-hooks': [ '4.6.2' ],
247 silly audit   'eslint-scope': [ '7.2.2' ],
247 silly audit   'eslint-visitor-keys': [ '3.4.3' ],
247 silly audit   espree: [ '9.6.1' ],
247 silly audit   esquery: [ '1.7.0' ],
247 silly audit   esrecurse: [ '4.3.0' ],
247 silly audit   estraverse: [ '5.3.0' ],
247 silly audit   esutils: [ '2.0.3' ],
247 silly audit   expect: [ '30.2.0' ],
247 silly audit   'fast-deep-equal': [ '3.1.3' ],
247 silly audit   'fast-glob': [ '3.3.3' ],
247 silly audit   'glob-parent': [ '5.1.2', '6.0.2' ],
247 silly audit   'fast-json-stable-stringify': [ '2.1.0' ],
247 silly audit   'fast-levenshtein': [ '2.0.6' ],
247 silly audit   fastq: [ '1.20.1' ],
247 silly audit   'file-entry-cache': [ '6.0.1' ],
247 silly audit   'fill-range': [ '7.1.1' ],
247 silly audit   'find-up': [ '5.0.0' ],
247 silly audit   'flat-cache': [ '3.2.0' ],
247 silly audit   flatted: [ '3.4.1' ],
247 silly audit   'for-each': [ '0.3.5' ],
247 silly audit   'fs.realpath': [ '1.0.0' ],
247 silly audit   fsevents: [ '2.3.3' ],
247 silly audit   'function-bind': [ '1.1.2' ],
247 silly audit   'function.prototype.name': [ '1.1.8' ],
247 silly audit   'functions-have-names': [ '1.2.3' ],
247 silly audit   'generator-function': [ '2.0.1' ],
247 silly audit   gensync: [ '1.0.0-beta.2' ],
247 silly audit   'get-func-name': [ '2.0.2' ],
247 silly audit   'get-intrinsic': [ '1.3.0' ],
247 silly audit   'get-proto': [ '1.0.1' ],
247 silly audit   'get-symbol-description': [ '1.1.0' ],
247 silly audit   glob: [ '7.2.3' ],
247 silly audit   globals: [ '13.24.0' ],
247 silly audit   globalthis: [ '1.0.4' ],
247 silly audit   globby: [ '11.1.0' ],
247 silly audit   gopd: [ '1.2.0' ],
247 silly audit   'graceful-fs': [ '4.2.11' ],
247 silly audit   graphemer: [ '1.4.0' ],
247 silly audit   'has-bigints': [ '1.1.0' ],
247 silly audit   'has-flag': [ '4.0.0' ],
247 silly audit   'has-property-descriptors': [ '1.0.2' ],
247 silly audit   'has-proto': [ '1.2.0' ],
247 silly audit   'has-symbols': [ '1.1.0' ],
247 silly audit   'has-tostringtag': [ '1.0.2' ],
247 silly audit   hasown: [ '2.0.2' ],
247 silly audit   ignore: [ '5.3.2' ],
247 silly audit   'import-fresh': [ '3.3.1' ],
247 silly audit   imurmurhash: [ '0.1.4' ],
247 silly audit   'indent-string': [ '4.0.0' ],
247 silly audit   inflight: [ '1.0.6' ],
247 silly audit   inherits: [ '2.0.4' ],
247 silly audit   'internal-slot': [ '1.1.0' ],
247 silly audit   'is-arguments': [ '1.2.0' ],
247 silly audit   'is-array-buffer': [ '3.0.5' ],
247 silly audit   'is-async-function': [ '2.1.1' ],
247 silly audit   'is-bigint': [ '1.1.0' ],
247 silly audit   'is-boolean-object': [ '1.2.2' ],
247 silly audit   'is-callable': [ '1.2.7' ],
247 silly audit   'is-core-module': [ '2.16.1' ],
247 silly audit   'is-data-view': [ '1.0.2' ],
247 silly audit   'is-date-object': [ '1.1.0' ],
247 silly audit   'is-extglob': [ '2.1.1' ],
247 silly audit   'is-finalizationregistry': [ '1.1.1' ],
247 silly audit   'is-generator-function': [ '1.1.2' ],
247 silly audit   'is-glob': [ '4.0.3' ],
247 silly audit   'is-map': [ '2.0.3' ],
247 silly audit   'is-negative-zero': [ '2.0.3' ],
247 silly audit   'is-number': [ '7.0.0' ],
247 silly audit   'is-number-object': [ '1.1.1' ],
247 silly audit   'is-path-inside': [ '3.0.3' ],
247 silly audit   'is-regex': [ '1.2.1' ],
247 silly audit   'is-set': [ '2.0.3' ],
247 silly audit   'is-shared-array-buffer': [ '1.0.4' ],
247 silly audit   'is-string': [ '1.1.1' ],
247 silly audit   'is-symbol': [ '1.1.1' ],
247 silly audit   'is-typed-array': [ '1.1.15' ],
247 silly audit   'is-weakmap': [ '2.0.2' ],
247 silly audit   'is-weakref': [ '1.1.1' ],
247 silly audit   'is-weakset': [ '2.0.4' ],
247 silly audit   isarray: [ '2.0.5' ],
247 silly audit   isexe: [ '2.0.0' ],
247 silly audit   'iterator.prototype': [ '1.1.5' ],
247 silly audit   'jest-diff': [ '30.2.0' ],
247 silly audit   'jest-matcher-utils': [ '30.2.0' ],
247 silly audit   'jest-message-util': [ '30.2.0' ],
247 silly audit   'jest-mock': [ '30.2.0' ],
247 silly audit   'jest-regex-util': [ '30.0.1' ],
247 silly audit   'jest-util': [ '30.2.0' ],
247 silly audit   'js-tokens': [ '4.0.0' ],
247 silly audit   'js-yaml': [ '4.1.1' ],
247 silly audit   jsesc: [ '3.1.0' ],
247 silly audit   'json-buffer': [ '3.0.1' ],
247 silly audit   'json-schema-traverse': [ '0.4.1' ],
247 silly audit   'json-stable-stringify-without-jsonify': [ '1.0.1' ],
247 silly audit   json5: [ '2.2.3' ],
247 silly audit   'jsx-ast-utils': [ '3.3.5' ],
247 silly audit   keyv: [ '4.5.4' ],
247 silly audit   levn: [ '0.4.1' ],
247 silly audit   'local-pkg': [ '0.4.3' ],
247 silly audit   'locate-path': [ '6.0.0' ],
247 silly audit   lodash: [ '4.17.23' ],
247 silly audit   'lodash.merge': [ '4.6.2' ],
247 silly audit   'loose-envify': [ '1.4.0' ],
247 silly audit   loupe: [ '2.3.7' ],
247 silly audit   'lru-cache': [ '5.1.1', '11.2.6' ],
247 silly audit   'lz-string': [ '1.5.0' ],
247 silly audit   'magic-string': [ '0.30.21' ],
247 silly audit   'math-intrinsics': [ '1.1.0' ],
247 silly audit   merge2: [ '1.4.1' ],
247 silly audit   micromatch: [ '4.0.8' ],
247 silly audit   picomatch: [ '2.3.1', '4.0.3' ],
247 silly audit   'min-indent': [ '1.0.1' ],
247 silly audit   mlly: [ '1.8.1' ],
247 silly audit   pathe: [ '2.0.3', '1.1.2' ],
247 silly audit   ms: [ '2.1.3' ],
247 silly audit   nanoid: [ '3.3.11' ],
247 silly audit   'natural-compare': [ '1.4.0' ],
247 silly audit   'node-exports-info': [ '1.6.0' ],
247 silly audit   'node-releases': [ '2.0.36' ],
247 silly audit   'object-assign': [ '4.1.1' ],
247 silly audit   'object-inspect': [ '1.13.4' ],
247 silly audit   'object-is': [ '1.1.6' ],
247 silly audit   'object-keys': [ '1.1.1' ],
247 silly audit   'object.assign': [ '4.1.7' ],
247 silly audit   'object.entries': [ '1.1.9' ],
247 silly audit   'object.fromentries': [ '2.0.8' ],
247 silly audit   'object.values': [ '1.2.1' ],
247 silly audit   once: [ '1.4.0' ],
247 silly audit   optionator: [ '0.9.4' ],
247 silly audit   'own-keys': [ '1.0.1' ],
247 silly audit   'p-locate': [ '5.0.0' ],
247 silly audit   'parent-module': [ '1.0.1' ],
247 silly audit   'path-exists': [ '4.0.0' ],
247 silly audit   'path-is-absolute': [ '1.0.1' ],
247 silly audit   'path-key': [ '3.1.1' ],
247 silly audit   'path-parse': [ '1.0.7' ],
247 silly audit   'path-type': [ '4.0.0' ],
247 silly audit   pathval: [ '1.1.1' ],
247 silly audit   picocolors: [ '1.1.1' ],
247 silly audit   'pkg-types': [ '1.3.1' ],
247 silly audit   'possible-typed-array-names': [ '1.1.0' ],
247 silly audit   postcss: [ '8.5.8' ],
247 silly audit   'prelude-ls': [ '1.2.1' ],
247 silly audit   prettier: [ '2.8.8' ],
247 silly audit   'prop-types': [ '15.8.1' ],
247 silly audit   punycode: [ '2.3.1' ],
247 silly audit   'queue-microtask': [ '1.2.3' ],
247 silly audit   react: [ '18.3.1' ],
247 silly audit   'react-dom': [ '18.3.1' ],
247 silly audit   'react-refresh': [ '0.17.0' ],
247 silly audit   redent: [ '3.0.0' ],
247 silly audit   'reflect.getprototypeof': [ '1.0.10' ],
247 silly audit   'regexp.prototype.flags': [ '1.5.4' ],
247 silly audit   resolve: [ '2.0.0-next.6' ],
247 silly audit   'resolve-from': [ '4.0.0' ],
247 silly audit   reusify: [ '1.1.0' ],
247 silly audit   rimraf: [ '3.0.2' ],
247 silly audit   rollup: [ '4.59.0' ],
247 silly audit   'run-parallel': [ '1.2.0' ],
247 silly audit   'safe-array-concat': [ '1.1.3' ],
247 silly audit   'safe-push-apply': [ '1.0.0' ],
247 silly audit   'safe-regex-test': [ '1.1.0' ],
247 silly audit   scheduler: [ '0.23.2' ],
247 silly audit   'set-function-length': [ '1.2.2' ],
247 silly audit   'set-function-name': [ '2.0.2' ],
247 silly audit   'set-proto': [ '1.0.0' ],
247 silly audit   'shebang-command': [ '2.0.0' ],
247 silly audit   'shebang-regex': [ '3.0.0' ],
247 silly audit   'side-channel': [ '1.1.0' ],
247 silly audit   'side-channel-list': [ '1.0.0' ],
247 silly audit   'side-channel-map': [ '1.0.1' ],
247 silly audit   'side-channel-weakmap': [ '1.0.2' ],
247 silly audit   siginfo: [ '2.0.0' ],
247 silly audit   slash: [ '3.0.0' ],
247 silly audit   'source-map-js': [ '1.2.1' ],
247 silly audit   'stack-utils': [ '2.0.6' ],
247 silly audit   stackback: [ '0.0.2' ],
247 silly audit   'std-env': [ '3.10.0' ],
247 silly audit   'stop-iteration-iterator': [ '1.1.0' ],
247 silly audit   'string.prototype.matchall': [ '4.0.12' ],
247 silly audit   'string.prototype.repeat': [ '1.0.0' ],
247 silly audit   'string.prototype.trim': [ '1.2.10' ],
247 silly audit   'string.prototype.trimend': [ '1.0.9' ],
247 silly audit   'string.prototype.trimstart': [ '1.0.8' ],
247 silly audit   'strip-ansi': [ '6.0.1' ],
247 silly audit   'strip-indent': [ '3.0.0' ],
247 silly audit   'strip-json-comments': [ '3.1.1' ],
247 silly audit   'strip-literal': [ '1.3.0' ],
247 silly audit   'supports-color': [ '7.2.0' ],
247 silly audit   'supports-preserve-symlinks-flag': [ '1.0.0' ],
247 silly audit   'text-table': [ '0.2.0' ],
247 silly audit   tinybench: [ '2.9.0' ],
247 silly audit   tinypool: [ '0.7.0' ],
247 silly audit   tinyspy: [ '2.2.1' ],
247 silly audit   'to-regex-range': [ '5.0.1' ],
247 silly audit   'ts-api-utils': [ '1.4.3' ],
247 silly audit   'type-check': [ '0.4.0' ],
247 silly audit   'type-detect': [ '4.1.0' ],
247 silly audit   'type-fest': [ '0.20.2' ],
247 silly audit   'typed-array-buffer': [ '1.0.3' ],
247 silly audit   'typed-array-byte-length': [ '1.0.3' ],
247 silly audit   'typed-array-byte-offset': [ '1.0.4' ],
247 silly audit   'typed-array-length': [ '1.0.7' ],
247 silly audit   typescript: [ '5.9.3' ],
247 silly audit   ufo: [ '1.6.3' ],
247 silly audit   'unbox-primitive': [ '1.1.0' ],
247 silly audit   'undici-types': [ '7.18.2' ],
247 silly audit   'update-browserslist-db': [ '1.2.3' ],
247 silly audit   'uri-js': [ '4.4.1' ],
247 silly audit   vite: [ '5.4.21' ],
247 silly audit   'vite-node': [ '0.34.6' ],
247 silly audit   vitest: [ '0.34.6' ],
247 silly audit   which: [ '2.0.2' ],
247 silly audit   'which-boxed-primitive': [ '1.1.1' ],
247 silly audit   'which-builtin-type': [ '1.2.1' ],
247 silly audit   'which-collection': [ '1.0.2' ],
247 silly audit   'which-typed-array': [ '1.1.20' ],
247 silly audit   'why-is-node-running': [ '2.3.0' ],
247 silly audit   'word-wrap': [ '1.2.5' ],
247 silly audit   wrappy: [ '1.0.2' ],
247 silly audit   yallist: [ '3.1.1' ],
247 silly audit   jsdom: [ '28.1.0' ],
247 silly audit   '@acemir/cssom': [ '0.9.31' ],
247 silly audit   '@asamuzakjp/dom-selector': [ '6.8.1' ],
247 silly audit   '@bramus/specificity': [ '2.4.2' ],
247 silly audit   '@exodus/bytes': [ '1.15.0' ],
247 silly audit   cssstyle: [ '6.2.0' ],
247 silly audit   'data-urls': [ '7.0.0' ],
247 silly audit   'decimal.js': [ '10.6.0' ],
247 silly audit   'html-encoding-sniffer': [ '6.0.0' ],
247 silly audit   'http-proxy-agent': [ '7.0.2' ],
247 silly audit   'https-proxy-agent': [ '7.0.6' ],
247 silly audit   'is-potential-custom-element-name': [ '1.0.1' ],
247 silly audit   parse5: [ '8.0.0' ],
247 silly audit   saxes: [ '6.0.0' ],
247 silly audit   'symbol-tree': [ '3.2.4' ],
247 silly audit   'tough-cookie': [ '6.0.0' ],
247 silly audit   undici: [ '7.22.0' ],
247 silly audit   'w3c-xmlserializer': [ '5.0.0' ],
247 silly audit   'webidl-conversions': [ '8.0.1' ],
247 silly audit   'whatwg-mimetype': [ '5.0.0' ],
247 silly audit   'whatwg-url': [ '16.0.1' ],
247 silly audit   'xml-name-validator': [ '5.0.0' ],
247 silly audit   '@asamuzakjp/nwsapi': [ '2.3.9' ],
247 silly audit   'bidi-js': [ '1.0.3' ],
247 silly audit   'css-tree': [ '3.2.1' ],
247 silly audit   'require-from-string': [ '2.0.2' ],
247 silly audit   'mdn-data': [ '2.27.1' ],
247 silly audit   '@asamuzakjp/css-color': [ '5.0.1' ],
247 silly audit   '@csstools/css-syntax-patches-for-csstree': [ '1.1.0' ],
247 silly audit   '@csstools/css-calc': [ '3.1.1' ],
247 silly audit   '@csstools/css-parser-algorithms': [ '4.0.0' ],
247 silly audit   '@csstools/css-tokenizer': [ '4.0.0' ],
247 silly audit   '@csstools/css-color-parser': [ '4.0.2' ],
247 silly audit   '@csstools/color-helpers': [ '6.0.2' ],
247 silly audit   'agent-base': [ '7.1.4' ],
247 silly audit   entities: [ '6.0.1' ],
247 silly audit   xmlchars: [ '2.2.0' ],
247 silly audit   tldts: [ '7.0.25' ],
247 silly audit   'tldts-core': [ '7.0.25' ],
247 silly audit   tr46: [ '6.0.0' ]
247 silly audit }
248 http cache tldts-core@https://registry.npmjs.org/tldts-core/-/tldts-core-7.0.25.tgz 0ms (cache hit)
249 http cache tr46@https://registry.npmjs.org/tr46/-/tr46-6.0.0.tgz 0ms (cache hit)
250 http cache xmlchars@https://registry.npmjs.org/xmlchars/-/xmlchars-2.2.0.tgz 0ms (cache hit)
251 http cache entities@https://registry.npmjs.org/entities/-/entities-6.0.1.tgz 0ms (cache hit)
252 http cache @csstools/color-helpers@https://registry.npmjs.org/@csstools/color-helpers/-/color-helpers-6.0.2.tgz 0ms (cache hit)
253 http cache agent-base@https://registry.npmjs.org/agent-base/-/agent-base-7.1.4.tgz 0ms (cache hit)
254 http cache @csstools/css-tokenizer@https://registry.npmjs.org/@csstools/css-tokenizer/-/css-tokenizer-4.0.0.tgz 0ms (cache hit)
255 http cache @csstools/css-calc@https://registry.npmjs.org/@csstools/css-calc/-/css-calc-3.1.1.tgz 0ms (cache hit)
256 http cache tldts@https://registry.npmjs.org/tldts/-/tldts-7.0.25.tgz 0ms (cache hit)
257 http cache @csstools/css-parser-algorithms@https://registry.npmjs.org/@csstools/css-parser-algorithms/-/css-parser-algorithms-4.0.0.tgz 0ms (cache hit)
258 http cache @csstools/css-syntax-patches-for-csstree@https://registry.npmjs.org/@csstools/css-syntax-patches-for-csstree/-/css-syntax-patches-for-csstree-1.1.0.tgz 0ms (cache hit)
259 http cache @csstools/css-color-parser@https://registry.npmjs.org/@csstools/css-color-parser/-/css-color-parser-4.0.2.tgz 0ms (cache hit)
260 http cache require-from-string@https://registry.npmjs.org/require-from-string/-/require-from-string-2.0.2.tgz 0ms (cache hit)
261 http cache @asamuzakjp/css-color@https://registry.npmjs.org/@asamuzakjp/css-color/-/css-color-5.0.1.tgz 0ms (cache hit)
262 http cache mdn-data@https://registry.npmjs.org/mdn-data/-/mdn-data-2.27.1.tgz 0ms (cache hit)
263 http cache bidi-js@https://registry.npmjs.org/bidi-js/-/bidi-js-1.0.3.tgz 0ms (cache hit)
264 http cache whatwg-url@https://registry.npmjs.org/whatwg-url/-/whatwg-url-16.0.1.tgz 0ms (cache hit)
265 http cache @asamuzakjp/nwsapi@https://registry.npmjs.org/@asamuzakjp/nwsapi/-/nwsapi-2.3.9.tgz 0ms (cache hit)
266 http cache css-tree@https://registry.npmjs.org/css-tree/-/css-tree-3.2.1.tgz 0ms (cache hit)
267 http cache xml-name-validator@https://registry.npmjs.org/xml-name-validator/-/xml-name-validator-5.0.0.tgz 0ms (cache hit)
268 http cache whatwg-mimetype@https://registry.npmjs.org/whatwg-mimetype/-/whatwg-mimetype-5.0.0.tgz 0ms (cache hit)
269 http cache w3c-xmlserializer@https://registry.npmjs.org/w3c-xmlserializer/-/w3c-xmlserializer-5.0.0.tgz 0ms (cache hit)
270 http cache webidl-conversions@https://registry.npmjs.org/webidl-conversions/-/webidl-conversions-8.0.1.tgz 0ms (cache hit)
271 http cache undici@https://registry.npmjs.org/undici/-/undici-7.22.0.tgz 0ms (cache hit)
272 http cache tough-cookie@https://registry.npmjs.org/tough-cookie/-/tough-cookie-6.0.0.tgz 0ms (cache hit)
273 http cache symbol-tree@https://registry.npmjs.org/symbol-tree/-/symbol-tree-3.2.4.tgz 0ms (cache hit)
274 http cache saxes@https://registry.npmjs.org/saxes/-/saxes-6.0.0.tgz 0ms (cache hit)
275 http cache parse5@https://registry.npmjs.org/parse5/-/parse5-8.0.0.tgz 0ms (cache hit)
276 http cache is-potential-custom-element-name@https://registry.npmjs.org/is-potential-custom-element-name/-/is-potential-custom-element-name-1.0.1.tgz 0ms (cache hit)
277 http cache https-proxy-agent@https://registry.npmjs.org/https-proxy-agent/-/https-proxy-agent-7.0.6.tgz 0ms (cache hit)
278 http cache http-proxy-agent@https://registry.npmjs.org/http-proxy-agent/-/http-proxy-agent-7.0.2.tgz 0ms (cache hit)
279 http cache decimal.js@https://registry.npmjs.org/decimal.js/-/decimal.js-10.6.0.tgz 0ms (cache hit)
280 http cache html-encoding-sniffer@https://registry.npmjs.org/html-encoding-sniffer/-/html-encoding-sniffer-6.0.0.tgz 0ms (cache hit)
281 http cache data-urls@https://registry.npmjs.org/data-urls/-/data-urls-7.0.0.tgz 0ms (cache hit)
282 http cache cssstyle@https://registry.npmjs.org/cssstyle/-/cssstyle-6.2.0.tgz 0ms (cache hit)
283 http cache @exodus/bytes@https://registry.npmjs.org/@exodus/bytes/-/bytes-1.15.0.tgz 0ms (cache hit)
284 http cache @acemir/cssom@https://registry.npmjs.org/@acemir/cssom/-/cssom-0.9.31.tgz 0ms (cache hit)
285 http cache jsdom@https://registry.npmjs.org/jsdom/-/jsdom-28.1.0.tgz 0ms (cache hit)
286 http cache @asamuzakjp/dom-selector@https://registry.npmjs.org/@asamuzakjp/dom-selector/-/dom-selector-6.8.1.tgz 0ms (cache hit)
287 http cache @bramus/specificity@https://registry.npmjs.org/@bramus/specificity/-/specificity-2.4.2.tgz 0ms (cache hit)
288 http cache lru-cache@https://registry.npmjs.org/lru-cache/-/lru-cache-11.2.6.tgz 0ms (cache hit)
289 http cache fsevents@https://registry.npmjs.org/fsevents/-/fsevents-2.3.3.tgz 0ms (cache hit)
290 http cache lru-cache@https://registry.npmjs.org/lru-cache/-/lru-cache-11.2.6.tgz 0ms (cache hit)
291 http cache lru-cache@https://registry.npmjs.org/lru-cache/-/lru-cache-11.2.6.tgz 0ms (cache hit)
292 silly tarball no local data for tldts-core@https://registry.npmjs.org/tldts-core/-/tldts-core-7.0.25.tgz. Extracting by manifest.
293 silly tarball no local data for tr46@https://registry.npmjs.org/tr46/-/tr46-6.0.0.tgz. Extracting by manifest.
294 silly tarball no local data for xmlchars@https://registry.npmjs.org/xmlchars/-/xmlchars-2.2.0.tgz. Extracting by manifest.
295 silly tarball no local data for entities@https://registry.npmjs.org/entities/-/entities-6.0.1.tgz. Extracting by manifest.
296 silly tarball no local data for @csstools/color-helpers@https://registry.npmjs.org/@csstools/color-helpers/-/color-helpers-6.0.2.tgz. Extracting by manifest.
297 silly tarball no local data for agent-base@https://registry.npmjs.org/agent-base/-/agent-base-7.1.4.tgz. Extracting by manifest.
298 silly tarball no local data for @csstools/css-tokenizer@https://registry.npmjs.org/@csstools/css-tokenizer/-/css-tokenizer-4.0.0.tgz. Extracting by manifest.
299 silly tarball no local data for @csstools/css-calc@https://registry.npmjs.org/@csstools/css-calc/-/css-calc-3.1.1.tgz. Extracting by manifest.
300 silly tarball no local data for tldts@https://registry.npmjs.org/tldts/-/tldts-7.0.25.tgz. Extracting by manifest.
301 silly tarball no local data for @csstools/css-parser-algorithms@https://registry.npmjs.org/@csstools/css-parser-algorithms/-/css-parser-algorithms-4.0.0.tgz. Extracting by manifest.
302 silly tarball no local data for @csstools/css-syntax-patches-for-csstree@https://registry.npmjs.org/@csstools/css-syntax-patches-for-csstree/-/css-syntax-patches-for-csstree-1.1.0.tgz. Extracting by manifest.
303 silly tarball no local data for @csstools/css-color-parser@https://registry.npmjs.org/@csstools/css-color-parser/-/css-color-parser-4.0.2.tgz. Extracting by manifest.
304 silly tarball no local data for require-from-string@https://registry.npmjs.org/require-from-string/-/require-from-string-2.0.2.tgz. Extracting by manifest.
305 silly tarball no local data for @asamuzakjp/css-color@https://registry.npmjs.org/@asamuzakjp/css-color/-/css-color-5.0.1.tgz. Extracting by manifest.
306 silly tarball no local data for mdn-data@https://registry.npmjs.org/mdn-data/-/mdn-data-2.27.1.tgz. Extracting by manifest.
307 silly tarball no local data for bidi-js@https://registry.npmjs.org/bidi-js/-/bidi-js-1.0.3.tgz. Extracting by manifest.
308 silly tarball no local data for whatwg-url@https://registry.npmjs.org/whatwg-url/-/whatwg-url-16.0.1.tgz. Extracting by manifest.
309 silly tarball no local data for @asamuzakjp/nwsapi@https://registry.npmjs.org/@asamuzakjp/nwsapi/-/nwsapi-2.3.9.tgz. Extracting by manifest.
310 silly tarball no local data for css-tree@https://registry.npmjs.org/css-tree/-/css-tree-3.2.1.tgz. Extracting by manifest.
311 silly tarball no local data for xml-name-validator@https://registry.npmjs.org/xml-name-validator/-/xml-name-validator-5.0.0.tgz. Extracting by manifest.
312 silly tarball no local data for whatwg-mimetype@https://registry.npmjs.org/whatwg-mimetype/-/whatwg-mimetype-5.0.0.tgz. Extracting by manifest.
313 silly tarball no local data for w3c-xmlserializer@https://registry.npmjs.org/w3c-xmlserializer/-/w3c-xmlserializer-5.0.0.tgz. Extracting by manifest.
314 silly tarball no local data for webidl-conversions@https://registry.npmjs.org/webidl-conversions/-/webidl-conversions-8.0.1.tgz. Extracting by manifest.
315 silly tarball no local data for undici@https://registry.npmjs.org/undici/-/undici-7.22.0.tgz. Extracting by manifest.
316 silly tarball no local data for tough-cookie@https://registry.npmjs.org/tough-cookie/-/tough-cookie-6.0.0.tgz. Extracting by manifest.
317 silly tarball no local data for symbol-tree@https://registry.npmjs.org/symbol-tree/-/symbol-tree-3.2.4.tgz. Extracting by manifest.
318 silly tarball no local data for saxes@https://registry.npmjs.org/saxes/-/saxes-6.0.0.tgz. Extracting by manifest.
319 silly tarball no local data for parse5@https://registry.npmjs.org/parse5/-/parse5-8.0.0.tgz. Extracting by manifest.
320 silly tarball no local data for is-potential-custom-element-name@https://registry.npmjs.org/is-potential-custom-element-name/-/is-potential-custom-element-name-1.0.1.tgz. Extracting by manifest.
321 silly tarball no local data for https-proxy-agent@https://registry.npmjs.org/https-proxy-agent/-/https-proxy-agent-7.0.6.tgz. Extracting by manifest.
322 silly tarball no local data for http-proxy-agent@https://registry.npmjs.org/http-proxy-agent/-/http-proxy-agent-7.0.2.tgz. Extracting by manifest.
323 silly tarball no local data for decimal.js@https://registry.npmjs.org/decimal.js/-/decimal.js-10.6.0.tgz. Extracting by manifest.
324 silly tarball no local data for html-encoding-sniffer@https://registry.npmjs.org/html-encoding-sniffer/-/html-encoding-sniffer-6.0.0.tgz. Extracting by manifest.
325 silly tarball no local data for data-urls@https://registry.npmjs.org/data-urls/-/data-urls-7.0.0.tgz. Extracting by manifest.
326 silly tarball no local data for cssstyle@https://registry.npmjs.org/cssstyle/-/cssstyle-6.2.0.tgz. Extracting by manifest.
327 silly tarball no local data for @exodus/bytes@https://registry.npmjs.org/@exodus/bytes/-/bytes-1.15.0.tgz. Extracting by manifest.
328 silly tarball no local data for @acemir/cssom@https://registry.npmjs.org/@acemir/cssom/-/cssom-0.9.31.tgz. Extracting by manifest.
329 silly tarball no local data for jsdom@https://registry.npmjs.org/jsdom/-/jsdom-28.1.0.tgz. Extracting by manifest.
330 silly tarball no local data for @asamuzakjp/dom-selector@https://registry.npmjs.org/@asamuzakjp/dom-selector/-/dom-selector-6.8.1.tgz. Extracting by manifest.
331 silly tarball no local data for @bramus/specificity@https://registry.npmjs.org/@bramus/specificity/-/specificity-2.4.2.tgz. Extracting by manifest.
332 silly tarball no local data for lru-cache@https://registry.npmjs.org/lru-cache/-/lru-cache-11.2.6.tgz. Extracting by manifest.
333 silly tarball no local data for lru-cache@https://registry.npmjs.org/lru-cache/-/lru-cache-11.2.6.tgz. Extracting by manifest.
334 silly tarball no local data for lru-cache@https://registry.npmjs.org/lru-cache/-/lru-cache-11.2.6.tgz. Extracting by manifest.
335 http fetch GET 200 https://registry.npmjs.org/@csstools/color-helpers/-/color-helpers-6.0.2.tgz 106ms (cache miss)
336 http fetch GET 200 https://registry.npmjs.org/agent-base/-/agent-base-7.1.4.tgz 107ms (cache miss)
337 http fetch GET 200 https://registry.npmjs.org/@csstools/css-calc/-/css-calc-3.1.1.tgz 113ms (cache miss)
338 http fetch GET 200 https://registry.npmjs.org/@csstools/css-tokenizer/-/css-tokenizer-4.0.0.tgz 121ms (cache miss)
339 http fetch GET 200 https://registry.npmjs.org/@csstools/css-parser-algorithms/-/css-parser-algorithms-4.0.0.tgz 122ms (cache miss)
340 http fetch GET 200 https://registry.npmjs.org/@asamuzakjp/nwsapi/-/nwsapi-2.3.9.tgz 132ms (cache miss)
341 http fetch GET 200 https://registry.npmjs.org/xml-name-validator/-/xml-name-validator-5.0.0.tgz 136ms (cache miss)
342 http fetch GET 200 https://registry.npmjs.org/tr46/-/tr46-6.0.0.tgz 163ms (cache miss)
343 http fetch GET 200 https://registry.npmjs.org/w3c-xmlserializer/-/w3c-xmlserializer-5.0.0.tgz 163ms (cache miss)
344 http fetch POST 200 https://registry.npmjs.org/-/npm/v1/security/advisories/bulk 190ms
345 silly audit report {
345 silly audit report   minimatch: [
345 silly audit report     {
345 silly audit report       id: 1113465,
345 silly audit report       url: 'https://github.com/advisories/GHSA-3ppc-4f35-3m26',
345 silly audit report       title: 'minimatch has a ReDoS via repeated wildcards with non-matching literal in pattern',
345 silly audit report       severity: 'high',
345 silly audit report       vulnerable_versions: '>=9.0.0 <9.0.6',
345 silly audit report       cwe: [Array],
345 silly audit report       cvss: [Object]
345 silly audit report     },
345 silly audit report     {
345 silly audit report       id: 1113544,
345 silly audit report       url: 'https://github.com/advisories/GHSA-7r86-cg39-jmmj',
345 silly audit report       title: 'minimatch has ReDoS: matchOne() combinatorial backtracking via multiple non-adjacent GLOBSTAR segments',
345 silly audit report       severity: 'high',
345 silly audit report       vulnerable_versions: '>=9.0.0 <9.0.7',
345 silly audit report       cwe: [Array],
345 silly audit report       cvss: [Object]
345 silly audit report     },
345 silly audit report     {
345 silly audit report       id: 1113552,
345 silly audit report       url: 'https://github.com/advisories/GHSA-23c5-xmqv-rm74',
345 silly audit report       title: 'minimatch ReDoS: nested *() extglobs generate catastrophically backtracking regular expressions',
345 silly audit report       severity: 'high',
345 silly audit report       vulnerable_versions: '>=9.0.0 <9.0.7',
345 silly audit report       cwe: [Array],
345 silly audit report       cvss: [Object]
345 silly audit report     }
345 silly audit report   ],
345 silly audit report   esbuild: [
345 silly audit report     {
345 silly audit report       id: 1102341,
345 silly audit report       url: 'https://github.com/advisories/GHSA-67mh-4wv8-2f99',
345 silly audit report       title: 'esbuild enables any website to send any requests to the development server and read the response',
345 silly audit report       severity: 'moderate',
345 silly audit report       vulnerable_versions: '<=0.24.2',
345 silly audit report       cwe: [Array],
345 silly audit report       cvss: [Object]
345 silly audit report     }
345 silly audit report   ]
345 silly audit report }
346 silly packumentCache corgi:https://registry.npmjs.org/minimatch cache-miss
347 silly packumentCache corgi:https://registry.npmjs.org/esbuild cache-miss
348 http fetch GET 200 https://registry.npmjs.org/require-from-string/-/require-from-string-2.0.2.tgz 192ms (cache miss)
349 http fetch GET 200 https://registry.npmjs.org/is-potential-custom-element-name/-/is-potential-custom-element-name-1.0.1.tgz 196ms (cache miss)
350 http fetch GET 200 https://registry.npmjs.org/whatwg-mimetype/-/whatwg-mimetype-5.0.0.tgz 200ms (cache miss)
351 http fetch GET 200 https://registry.npmjs.org/xmlchars/-/xmlchars-2.2.0.tgz 222ms (cache miss)
352 http fetch GET 200 https://registry.npmjs.org/saxes/-/saxes-6.0.0.tgz 222ms (cache miss)
353 http fetch GET 200 https://registry.npmjs.org/https-proxy-agent/-/https-proxy-agent-7.0.6.tgz 221ms (cache miss)
354 http fetch GET 200 https://registry.npmjs.org/webidl-conversions/-/webidl-conversions-8.0.1.tgz 227ms (cache miss)
355 http fetch GET 200 https://registry.npmjs.org/symbol-tree/-/symbol-tree-3.2.4.tgz 227ms (cache miss)
356 http fetch GET 200 https://registry.npmjs.org/@csstools/css-syntax-patches-for-csstree/-/css-syntax-patches-for-csstree-1.1.0.tgz 239ms (cache miss)
357 http fetch GET 200 https://registry.npmjs.org/data-urls/-/data-urls-7.0.0.tgz 234ms (cache miss)
358 http cache https://registry.npmjs.org/minimatch 77ms (cache hit)
359 silly packumentCache corgi:https://registry.npmjs.org/minimatch set size:167610 disposed:false
360 http cache https://registry.npmjs.org/esbuild 82ms (cache hit)
361 silly packumentCache corgi:https://registry.npmjs.org/esbuild set size:879341 disposed:false
362 silly packumentCache corgi:https://registry.npmjs.org/@typescript-eslint%2ftypescript-estree cache-miss
363 http fetch GET 200 https://registry.npmjs.org/whatwg-url/-/whatwg-url-16.0.1.tgz 260ms (cache miss)
364 http fetch GET 200 https://registry.npmjs.org/http-proxy-agent/-/http-proxy-agent-7.0.2.tgz 264ms (cache miss)
365 http fetch GET 200 https://registry.npmjs.org/@csstools/css-color-parser/-/css-color-parser-4.0.2.tgz 273ms (cache miss)
366 http fetch GET 200 https://registry.npmjs.org/html-encoding-sniffer/-/html-encoding-sniffer-6.0.0.tgz 267ms (cache miss)
367 http cache https://registry.npmjs.org/@typescript-eslint%2ftypescript-estree 46ms (cache hit)
368 silly packumentCache corgi:https://registry.npmjs.org/@typescript-eslint%2ftypescript-estree set size:8512679 disposed:false
369 silly packumentCache corgi:https://registry.npmjs.org/vite cache-miss
370 http fetch GET 200 https://registry.npmjs.org/bidi-js/-/bidi-js-1.0.3.tgz 412ms (cache miss)
371 http fetch GET 200 https://registry.npmjs.org/decimal.js/-/decimal.js-10.6.0.tgz 422ms (cache miss)
372 http cache https://registry.npmjs.org/vite 39ms (cache hit)
373 silly packumentCache corgi:https://registry.npmjs.org/vite set size:2196538 disposed:false
374 silly packumentCache corgi:https://registry.npmjs.org/@typescript-eslint%2fparser cache-miss
375 silly packumentCache corgi:https://registry.npmjs.org/@typescript-eslint%2ftype-utils cache-miss
376 silly packumentCache corgi:https://registry.npmjs.org/@typescript-eslint%2futils cache-miss
377 http cache https://registry.npmjs.org/@typescript-eslint%2futils 34ms (cache hit)
378 silly packumentCache corgi:https://registry.npmjs.org/@typescript-eslint%2futils set size:4534858 disposed:false
379 http cache https://registry.npmjs.org/@typescript-eslint%2ftype-utils 92ms (cache hit)
380 silly packumentCache corgi:https://registry.npmjs.org/@typescript-eslint%2ftype-utils set size:4525436 disposed:false
381 http fetch GET 200 https://registry.npmjs.org/tough-cookie/-/tough-cookie-6.0.0.tgz 614ms (cache miss)
382 http cache https://registry.npmjs.org/@typescript-eslint%2fparser 166ms (cache hit)
383 silly packumentCache corgi:https://registry.npmjs.org/@typescript-eslint%2fparser set size:7910164 disposed:false
384 silly packumentCache corgi:https://registry.npmjs.org/@vitejs%2fplugin-react cache-miss
385 silly packumentCache corgi:https://registry.npmjs.org/vite-node cache-miss
386 silly packumentCache corgi:https://registry.npmjs.org/vitest cache-miss
387 http fetch GET 200 https://registry.npmjs.org/mdn-data/-/mdn-data-2.27.1.tgz 811ms (cache miss)
388 http cache https://registry.npmjs.org/vite-node 54ms (cache hit)
389 silly packumentCache corgi:https://registry.npmjs.org/vite-node set size:452191 disposed:false
390 http cache https://registry.npmjs.org/vitest 60ms (cache hit)
391 silly packumentCache corgi:https://registry.npmjs.org/vitest set size:1204826 disposed:false
392 http cache https://registry.npmjs.org/@vitejs%2fplugin-react 70ms (cache hit)
393 silly packumentCache corgi:https://registry.npmjs.org/@vitejs%2fplugin-react set size:108650 disposed:false
394 silly packumentCache corgi:https://registry.npmjs.org/@typescript-eslint%2feslint-plugin cache-miss
395 http fetch GET 200 https://registry.npmjs.org/@bramus/specificity/-/specificity-2.4.2.tgz 863ms (cache miss)
396 http cache https://registry.npmjs.org/@typescript-eslint%2feslint-plugin 70ms (cache hit)
397 silly packumentCache corgi:https://registry.npmjs.org/@typescript-eslint%2feslint-plugin set size:9375539 disposed:false
398 http fetch GET 200 https://registry.npmjs.org/lru-cache/-/lru-cache-11.2.6.tgz 1120ms (cache miss)
399 http fetch GET 200 https://registry.npmjs.org/@asamuzakjp/dom-selector/-/dom-selector-6.8.1.tgz 1124ms (cache miss)
400 http fetch GET 200 https://registry.npmjs.org/lru-cache/-/lru-cache-11.2.6.tgz 1124ms (cache miss)
401 http fetch GET 200 https://registry.npmjs.org/@acemir/cssom/-/cssom-0.9.31.tgz 1231ms (cache miss)
402 http fetch GET 200 https://registry.npmjs.org/lru-cache/-/lru-cache-11.2.6.tgz 1234ms (cache miss)
403 http fetch GET 200 https://registry.npmjs.org/parse5/-/parse5-8.0.0.tgz 1263ms (cache miss)
404 http fetch GET 200 https://registry.npmjs.org/@exodus/bytes/-/bytes-1.15.0.tgz 1267ms (cache miss)
405 http fetch GET 200 https://registry.npmjs.org/tldts/-/tldts-7.0.25.tgz 1318ms (cache miss)
406 http fetch GET 200 https://registry.npmjs.org/tldts-core/-/tldts-core-7.0.25.tgz 1346ms (cache miss)
407 http fetch GET 200 https://registry.npmjs.org/@asamuzakjp/css-color/-/css-color-5.0.1.tgz 1344ms (cache miss)
408 http fetch GET 200 https://registry.npmjs.org/entities/-/entities-6.0.1.tgz 1350ms (cache miss)
409 http fetch GET 200 https://registry.npmjs.org/cssstyle/-/cssstyle-6.2.0.tgz 1352ms (cache miss)
410 http fetch GET 200 https://registry.npmjs.org/undici/-/undici-7.22.0.tgz 1451ms (cache miss)
411 http fetch GET 200 https://registry.npmjs.org/css-tree/-/css-tree-3.2.1.tgz 1495ms (cache miss)
412 http fetch GET 200 https://registry.npmjs.org/jsdom/-/jsdom-28.1.0.tgz 1668ms (cache miss)
413 silly ADD node_modules/tr46
414 silly ADD node_modules/tldts-core
415 silly ADD node_modules/tldts
416 silly ADD node_modules/xmlchars
417 silly ADD node_modules/entities
418 silly ADD node_modules/agent-base
419 silly ADD node_modules/@csstools/color-helpers
420 silly ADD node_modules/@csstools/css-color-parser
421 silly ADD node_modules/@csstools/css-tokenizer
422 silly ADD node_modules/@csstools/css-parser-algorithms
423 silly ADD node_modules/@csstools/css-calc
424 silly ADD node_modules/@csstools/css-syntax-patches-for-csstree
425 silly ADD node_modules/@asamuzakjp/css-color
426 silly ADD node_modules/@asamuzakjp/css-color/node_modules/lru-cache
427 silly ADD node_modules/mdn-data
428 silly ADD node_modules/require-from-string
429 silly ADD node_modules/css-tree
430 silly ADD node_modules/bidi-js
431 silly ADD node_modules/@asamuzakjp/nwsapi
432 silly ADD node_modules/xml-name-validator
433 silly ADD node_modules/whatwg-url
434 silly ADD node_modules/whatwg-mimetype
435 silly ADD node_modules/webidl-conversions
436 silly ADD node_modules/w3c-xmlserializer
437 silly ADD node_modules/undici
438 silly ADD node_modules/tough-cookie
439 silly ADD node_modules/symbol-tree
440 silly ADD node_modules/saxes
441 silly ADD node_modules/parse5
442 silly ADD node_modules/is-potential-custom-element-name
443 silly ADD node_modules/https-proxy-agent
444 silly ADD node_modules/http-proxy-agent
445 silly ADD node_modules/html-encoding-sniffer
446 silly ADD node_modules/decimal.js
447 silly ADD node_modules/data-urls
448 silly ADD node_modules/cssstyle
449 silly ADD node_modules/cssstyle/node_modules/lru-cache
450 silly ADD node_modules/@exodus/bytes
451 silly ADD node_modules/@bramus/specificity
452 silly ADD node_modules/@asamuzakjp/dom-selector
453 silly ADD node_modules/@asamuzakjp/dom-selector/node_modules/lru-cache
454 silly ADD node_modules/@acemir/cssom
455 silly ADD node_modules/jsdom
456 silly ADD node_modules/fsevents
457 verbose cwd /Users/johnbutcher/Documents/GitHub/Group-Prototype-1
458 verbose os Darwin 24.6.0
459 verbose node v24.13.0
460 verbose npm  v11.6.2
461 verbose exit 0
462 info ok
