0 verbose cli /home/divine/.nvm/versions/node/v24.14.0/bin/node /home/divine/.nvm/versions/node/v24.14.0/bin/npm
1 info using npm@11.9.0
2 info using node@v24.14.0
3 silly config load:file:/home/divine/.nvm/versions/node/v24.14.0/lib/node_modules/npm/npmrc
4 silly config load:file:/home/divine/Documents/GitHub/Group-Prototype-1/.npmrc
5 silly config load:file:/home/divine/.npmrc
6 silly config load:file:/home/divine/.nvm/versions/node/v24.14.0/etc/npmrc
7 verbose title npm install @vitest/globals
8 verbose argv "install" "--save-dev" "@vitest/globals"
9 verbose logfile logs-max:10 dir:/home/divine/Documents/GitHub/Group-Prototype-1/.npm-cache/_logs/2026-03-15T21_49_11_658Z-
10 verbose logfile /home/divine/Documents/GitHub/Group-Prototype-1/.npm-cache/_logs/2026-03-15T21_49_11_658Z-debug-0.log
11 silly logfile start cleaning logs, removing 1 files
12 silly logfile done cleaning log files
13 silly packumentCache heap:2158755840 maxSize:539688960 maxEntrySize:269844480
14 silly idealTree buildDeps
15 silly fetch manifest @vitest/globals@*
16 silly packumentCache full:https://registry.npmjs.org/@vitest%2fglobals cache-miss
17 http fetch GET 404 https://registry.npmjs.org/@vitest%2fglobals 1483ms (cache skip)
18 silly placeDep ROOT @vitest/globals@ OK for: group-prototype-1@0.1.0 want: *
19 verbose stack HttpErrorGeneral: 404 Not Found - GET https://registry.npmjs.org/@vitest%2fglobals - Not found
19 verbose stack     at /home/divine/.nvm/versions/node/v24.14.0/lib/node_modules/npm/node_modules/npm-registry-fetch/lib/check-response.js:103:15
19 verbose stack     at process.processTicksAndRejections (node:internal/process/task_queues:104:5)
19 verbose stack     at async RegistryFetcher.packument (/home/divine/.nvm/versions/node/v24.14.0/lib/node_modules/npm/node_modules/pacote/lib/registry.js:90:19)
19 verbose stack     at async RegistryFetcher.manifest (/home/divine/.nvm/versions/node/v24.14.0/lib/node_modules/npm/node_modules/pacote/lib/registry.js:128:23)
19 verbose stack     at async #fetchManifest (/home/divine/.nvm/versions/node/v24.14.0/lib/node_modules/npm/node_modules/@npmcli/arborist/lib/arborist/build-ideal-tree.js:1214:20)
19 verbose stack     at async #nodeFromEdge (/home/divine/.nvm/versions/node/v24.14.0/lib/node_modules/npm/node_modules/@npmcli/arborist/lib/arborist/build-ideal-tree.js:1052:19)
19 verbose stack     at async #buildDepStep (/home/divine/.nvm/versions/node/v24.14.0/lib/node_modules/npm/node_modules/@npmcli/arborist/lib/arborist/build-ideal-tree.js:916:11)
19 verbose stack     at async Arborist.buildIdealTree (/home/divine/.nvm/versions/node/v24.14.0/lib/node_modules/npm/node_modules/@npmcli/arborist/lib/arborist/build-ideal-tree.js:170:7)
19 verbose stack     at async Promise.all (index 1)
19 verbose stack     at async Arborist.reify (/home/divine/.nvm/versions/node/v24.14.0/lib/node_modules/npm/node_modules/@npmcli/arborist/lib/arborist/reify.js:110:5)
20 verbose statusCode 404
21 verbose pkgid @vitest/globals@*
22 error code E404
23 error 404 Not Found - GET https://registry.npmjs.org/@vitest%2fglobals - Not found
24 error 404
25 error 404  The requested resource '@vitest/globals@*' could not be found or you do not have permission to access it.
26 error 404
27 error 404 Note that you can also install from a
28 error 404 tarball, folder, http url, or git url.
29 silly unfinished npm timer reify 1773611353114
30 silly unfinished npm timer reify:loadTrees 1773611353135
31 verbose cwd /home/divine/Documents/GitHub/Group-Prototype-1
32 verbose os Linux 6.17.0-14-generic
33 verbose node v24.14.0
34 verbose npm  v11.9.0
35 verbose exit 1
36 verbose code 1
37 error A complete log of this run can be found in: /home/divine/Documents/GitHub/Group-Prototype-1/.npm-cache/_logs/2026-03-15T21_49_11_658Z-debug-0.log
