0 verbose cli /home/divine/.nvm/versions/node/v24.14.0/bin/node /home/divine/.nvm/versions/node/v24.14.0/lib/node_modules/npm/bin/npm-cli.js
1 info using npm@11.9.0
2 info using node@v24.14.0
3 silly config load:file:/home/divine/.nvm/versions/node/v24.14.0/lib/node_modules/npm/npmrc
4 silly config load:file:/home/divine/Documents/GitHub/Group-Prototype-1/.npmrc
5 silly config load:file:/home/divine/.npmrc
6 silly config load:file:/home/divine/.nvm/versions/node/v24.14.0/etc/npmrc
7 verbose title npm exec vite
8 verbose argv "exec" "--" "vite"
9 verbose logfile logs-max:10 dir:/home/divine/Documents/GitHub/Group-Prototype-1/.npm-cache/_logs/2026-03-15T21_43_06_320Z-
10 verbose logfile /home/divine/Documents/GitHub/Group-Prototype-1/.npm-cache/_logs/2026-03-15T21_43_06_320Z-debug-0.log
11 silly logfile done cleaning log files
12 silly packumentCache heap:2158755840 maxSize:539688960 maxEntrySize:269844480
13 http fetch GET 200 https://registry.npmjs.org/vite 1588ms (cache revalidated)
14 silly packumentCache heap:2158755840 maxSize:539688960 maxEntrySize:269844480
15 silly packumentCache heap:2158755840 maxSize:539688960 maxEntrySize:269844480
16 silly idealTree buildDeps
17 silly fetch manifest vite@8.0.0
18 silly packumentCache full:https://registry.npmjs.org/vite cache-miss
19 http fetch GET 200 https://registry.npmjs.org/vite 5186ms (cache updated)
20 silly packumentCache full:https://registry.npmjs.org/vite set size:undefined disposed:false
21 silly fetch manifest @types/node@^20.19.0 || >=22.12.0
22 silly packumentCache full:https://registry.npmjs.org/@types%2fnode cache-miss
23 http fetch GET 200 https://registry.npmjs.org/@types%2fnode 1383ms (cache updated)
24 silly packumentCache full:https://registry.npmjs.org/@types%2fnode set size:undefined disposed:false
25 silly fetch manifest @vitejs/devtools@^0.0.0-alpha.31
26 silly packumentCache full:https://registry.npmjs.org/@vitejs%2fdevtools cache-miss
27 http fetch GET 200 https://registry.npmjs.org/@vitejs%2fdevtools 225ms (cache miss)
28 silly packumentCache full:https://registry.npmjs.org/@vitejs%2fdevtools set size:undefined disposed:false
29 silly fetch manifest esbuild@^0.27.0
30 silly packumentCache full:https://registry.npmjs.org/esbuild cache-miss
31 http fetch GET 200 https://registry.npmjs.org/esbuild 472ms (cache updated)
32 silly packumentCache full:https://registry.npmjs.org/esbuild set size:undefined disposed:false
33 silly fetch manifest jiti@>=1.21.0
34 silly packumentCache full:https://registry.npmjs.org/jiti cache-miss
35 http fetch GET 200 https://registry.npmjs.org/jiti 164ms (cache miss)
36 silly packumentCache full:https://registry.npmjs.org/jiti set size:undefined disposed:false
37 silly fetch manifest less@^4.0.0
38 silly packumentCache full:https://registry.npmjs.org/less cache-miss
39 http fetch GET 200 https://registry.npmjs.org/less 256ms (cache updated)
40 silly packumentCache full:https://registry.npmjs.org/less set size:undefined disposed:false
41 silly fetch manifest sass@^1.70.0
42 silly packumentCache full:https://registry.npmjs.org/sass cache-miss
43 http fetch GET 200 https://registry.npmjs.org/sass 253ms (cache updated)
44 silly packumentCache full:https://registry.npmjs.org/sass set size:undefined disposed:false
45 silly fetch manifest sass-embedded@^1.70.0
46 silly packumentCache full:https://registry.npmjs.org/sass-embedded cache-miss
47 http fetch GET 200 https://registry.npmjs.org/sass-embedded 170ms (cache updated)
48 silly packumentCache full:https://registry.npmjs.org/sass-embedded set size:undefined disposed:false
49 silly fetch manifest stylus@>=0.54.8
50 silly packumentCache full:https://registry.npmjs.org/stylus cache-miss
51 http fetch GET 200 https://registry.npmjs.org/stylus 199ms (cache revalidated)
52 silly packumentCache full:https://registry.npmjs.org/stylus set size:286766 disposed:false
53 silly fetch manifest sugarss@^5.0.0
54 silly packumentCache full:https://registry.npmjs.org/sugarss cache-miss
55 http fetch GET 200 https://registry.npmjs.org/sugarss 162ms (cache revalidated)
56 silly packumentCache full:https://registry.npmjs.org/sugarss set size:44975 disposed:false
57 silly fetch manifest postcss@^8.3.3
58 silly packumentCache full:https://registry.npmjs.org/postcss cache-miss
59 http fetch GET 200 https://registry.npmjs.org/postcss 149ms (cache revalidated)
60 silly packumentCache full:https://registry.npmjs.org/postcss set size:702266 disposed:false
61 silly fetch manifest terser@^5.16.0
62 silly packumentCache full:https://registry.npmjs.org/terser cache-miss
63 http fetch GET 200 https://registry.npmjs.org/terser 133ms (cache revalidated)
64 silly packumentCache full:https://registry.npmjs.org/terser set size:786629 disposed:false
65 silly fetch manifest tsx@^4.8.1
66 silly packumentCache full:https://registry.npmjs.org/tsx cache-miss
67 http fetch GET 200 https://registry.npmjs.org/tsx 214ms (cache miss)
68 silly packumentCache full:https://registry.npmjs.org/tsx set size:undefined disposed:false
69 silly fetch manifest yaml@^2.4.2
70 silly packumentCache full:https://registry.npmjs.org/yaml cache-miss
71 http fetch GET 200 https://registry.npmjs.org/yaml 209ms (cache miss)
72 silly packumentCache full:https://registry.npmjs.org/yaml set size:undefined disposed:false
73 silly placeDep ROOT vite@8.0.0 OK for:  want: 8.0.0
74 silly fetch manifest @oxc-project/runtime@0.115.0
75 silly packumentCache full:https://registry.npmjs.org/@oxc-project%2fruntime cache-miss
76 http fetch GET 200 https://registry.npmjs.org/@oxc-project%2fruntime 754ms (cache miss)
77 silly packumentCache full:https://registry.npmjs.org/@oxc-project%2fruntime set size:undefined disposed:false
78 silly fetch manifest lightningcss@^1.32.0
79 silly packumentCache full:https://registry.npmjs.org/lightningcss cache-miss
80 http fetch GET 200 https://registry.npmjs.org/lightningcss 185ms (cache revalidated)
81 silly packumentCache full:https://registry.npmjs.org/lightningcss set size:186753 disposed:false
82 silly fetch manifest picomatch@^4.0.3
83 silly packumentCache full:https://registry.npmjs.org/picomatch cache-miss
84 http fetch GET 200 https://registry.npmjs.org/picomatch 138ms (cache revalidated)
85 silly packumentCache full:https://registry.npmjs.org/picomatch set size:118818 disposed:false
86 silly fetch manifest postcss@^8.5.8
87 silly packumentCache full:https://registry.npmjs.org/postcss cache-hit
88 silly fetch manifest rolldown@1.0.0-rc.9
89 silly packumentCache full:https://registry.npmjs.org/rolldown cache-miss
90 http fetch GET 200 https://registry.npmjs.org/rolldown 600ms (cache miss)
91 silly packumentCache full:https://registry.npmjs.org/rolldown set size:undefined disposed:false
92 silly fetch manifest tinyglobby@^0.2.15
93 silly packumentCache full:https://registry.npmjs.org/tinyglobby cache-miss
94 http fetch GET 200 https://registry.npmjs.org/tinyglobby 157ms (cache miss)
95 silly packumentCache full:https://registry.npmjs.org/tinyglobby set size:undefined disposed:false
96 silly fetch manifest fsevents@~2.3.3
97 silly packumentCache full:https://registry.npmjs.org/fsevents cache-miss
98 http fetch GET 200 https://registry.npmjs.org/fsevents 135ms (cache revalidated)
99 silly packumentCache full:https://registry.npmjs.org/fsevents set size:182472 disposed:false
100 silly placeDep ROOT @oxc-project/runtime@0.115.0 OK for: vite@8.0.0 want: 0.115.0
101 silly placeDep ROOT fsevents@2.3.3 OK for: vite@8.0.0 want: ~2.3.3
102 silly placeDep ROOT lightningcss@1.32.0 OK for: vite@8.0.0 want: ^1.32.0
103 silly placeDep ROOT picomatch@4.0.3 OK for: vite@8.0.0 want: ^4.0.3
104 silly placeDep ROOT postcss@8.5.8 OK for: vite@8.0.0 want: ^8.5.8
105 silly placeDep ROOT rolldown@1.0.0-rc.9 OK for: vite@8.0.0 want: 1.0.0-rc.9
106 silly placeDep ROOT tinyglobby@0.2.15 OK for: vite@8.0.0 want: ^0.2.15
107 silly fetch manifest detect-libc@^2.0.3
108 silly packumentCache full:https://registry.npmjs.org/detect-libc cache-miss
109 http fetch GET 200 https://registry.npmjs.org/detect-libc 132ms (cache miss)
110 silly packumentCache full:https://registry.npmjs.org/detect-libc set size:undefined disposed:false
111 silly fetch manifest lightningcss-darwin-x64@1.32.0
112 silly packumentCache full:https://registry.npmjs.org/lightningcss-darwin-x64 cache-miss
113 http fetch GET 200 https://registry.npmjs.org/lightningcss-darwin-x64 182ms (cache miss)
114 silly packumentCache full:https://registry.npmjs.org/lightningcss-darwin-x64 set size:undefined disposed:false
115 silly fetch manifest lightningcss-linux-x64-gnu@1.32.0
116 silly packumentCache full:https://registry.npmjs.org/lightningcss-linux-x64-gnu cache-miss
117 http fetch GET 200 https://registry.npmjs.org/lightningcss-linux-x64-gnu 168ms (cache miss)
118 silly packumentCache full:https://registry.npmjs.org/lightningcss-linux-x64-gnu set size:undefined disposed:false
119 silly fetch manifest lightningcss-win32-x64-msvc@1.32.0
120 silly packumentCache full:https://registry.npmjs.org/lightningcss-win32-x64-msvc cache-miss
121 http fetch GET 200 https://registry.npmjs.org/lightningcss-win32-x64-msvc 113ms (cache miss)
122 silly packumentCache full:https://registry.npmjs.org/lightningcss-win32-x64-msvc set size:undefined disposed:false
123 silly fetch manifest lightningcss-win32-arm64-msvc@1.32.0
124 silly packumentCache full:https://registry.npmjs.org/lightningcss-win32-arm64-msvc cache-miss
125 http fetch GET 200 https://registry.npmjs.org/lightningcss-win32-arm64-msvc 171ms (cache miss)
126 silly packumentCache full:https://registry.npmjs.org/lightningcss-win32-arm64-msvc set size:undefined disposed:false
127 silly fetch manifest lightningcss-darwin-arm64@1.32.0
128 silly packumentCache full:https://registry.npmjs.org/lightningcss-darwin-arm64 cache-miss
129 http fetch GET 200 https://registry.npmjs.org/lightningcss-darwin-arm64 166ms (cache miss)
130 silly packumentCache full:https://registry.npmjs.org/lightningcss-darwin-arm64 set size:undefined disposed:false
131 silly fetch manifest lightningcss-linux-arm64-gnu@1.32.0
132 silly packumentCache full:https://registry.npmjs.org/lightningcss-linux-arm64-gnu cache-miss
133 http fetch GET 200 https://registry.npmjs.org/lightningcss-linux-arm64-gnu 140ms (cache miss)
134 silly packumentCache full:https://registry.npmjs.org/lightningcss-linux-arm64-gnu set size:undefined disposed:false
135 silly fetch manifest lightningcss-linux-arm-gnueabihf@1.32.0
136 silly packumentCache full:https://registry.npmjs.org/lightningcss-linux-arm-gnueabihf cache-miss
137 http fetch GET 200 https://registry.npmjs.org/lightningcss-linux-arm-gnueabihf 137ms (cache miss)
138 silly packumentCache full:https://registry.npmjs.org/lightningcss-linux-arm-gnueabihf set size:undefined disposed:false
139 silly fetch manifest lightningcss-linux-arm64-musl@1.32.0
140 silly packumentCache full:https://registry.npmjs.org/lightningcss-linux-arm64-musl cache-miss
141 http fetch GET 200 https://registry.npmjs.org/lightningcss-linux-arm64-musl 227ms (cache miss)
142 silly packumentCache full:https://registry.npmjs.org/lightningcss-linux-arm64-musl set size:undefined disposed:false
143 silly fetch manifest lightningcss-linux-x64-musl@1.32.0
144 silly packumentCache full:https://registry.npmjs.org/lightningcss-linux-x64-musl cache-miss
145 http fetch GET 200 https://registry.npmjs.org/lightningcss-linux-x64-musl 93ms (cache miss)
146 silly packumentCache full:https://registry.npmjs.org/lightningcss-linux-x64-musl set size:undefined disposed:false
147 silly fetch manifest lightningcss-freebsd-x64@1.32.0
148 silly packumentCache full:https://registry.npmjs.org/lightningcss-freebsd-x64 cache-miss
149 http fetch GET 200 https://registry.npmjs.org/lightningcss-freebsd-x64 174ms (cache miss)
150 silly packumentCache full:https://registry.npmjs.org/lightningcss-freebsd-x64 set size:undefined disposed:false
151 silly fetch manifest lightningcss-android-arm64@1.32.0
152 silly packumentCache full:https://registry.npmjs.org/lightningcss-android-arm64 cache-miss
153 http fetch GET 200 https://registry.npmjs.org/lightningcss-android-arm64 103ms (cache miss)
154 silly packumentCache full:https://registry.npmjs.org/lightningcss-android-arm64 set size:undefined disposed:false
155 silly fetch manifest nanoid@^3.3.11
156 silly packumentCache full:https://registry.npmjs.org/nanoid cache-miss
157 http fetch GET 200 https://registry.npmjs.org/nanoid 197ms (cache updated)
158 silly packumentCache full:https://registry.npmjs.org/nanoid set size:undefined disposed:false
159 silly fetch manifest picocolors@^1.1.1
160 silly packumentCache full:https://registry.npmjs.org/picocolors cache-miss
161 http fetch GET 200 https://registry.npmjs.org/picocolors 192ms (cache revalidated)
162 silly packumentCache full:https://registry.npmjs.org/picocolors set size:16648 disposed:false
163 silly fetch manifest source-map-js@^1.2.1
164 silly packumentCache full:https://registry.npmjs.org/source-map-js cache-miss
165 http fetch GET 200 https://registry.npmjs.org/source-map-js 181ms (cache revalidated)
166 silly packumentCache full:https://registry.npmjs.org/source-map-js set size:62640 disposed:false
167 silly fetch manifest @oxc-project/types@=0.115.0
168 silly packumentCache full:https://registry.npmjs.org/@oxc-project%2ftypes cache-miss
169 http fetch GET 200 https://registry.npmjs.org/@oxc-project%2ftypes 202ms (cache miss)
170 silly packumentCache full:https://registry.npmjs.org/@oxc-project%2ftypes set size:undefined disposed:false
171 silly fetch manifest @rolldown/pluginutils@1.0.0-rc.9
172 silly packumentCache full:https://registry.npmjs.org/@rolldown%2fpluginutils cache-miss
173 http fetch GET 200 https://registry.npmjs.org/@rolldown%2fpluginutils 221ms (cache updated)
174 silly packumentCache full:https://registry.npmjs.org/@rolldown%2fpluginutils set size:undefined disposed:false
175 silly fetch manifest @rolldown/binding-darwin-x64@1.0.0-rc.9
176 silly packumentCache full:https://registry.npmjs.org/@rolldown%2fbinding-darwin-x64 cache-miss
177 http fetch GET 200 https://registry.npmjs.org/@rolldown%2fbinding-darwin-x64 396ms (cache miss)
178 silly packumentCache full:https://registry.npmjs.org/@rolldown%2fbinding-darwin-x64 set size:undefined disposed:false
179 silly fetch manifest @rolldown/binding-win32-x64-msvc@1.0.0-rc.9
180 silly packumentCache full:https://registry.npmjs.org/@rolldown%2fbinding-win32-x64-msvc cache-miss
181 http fetch GET 200 https://registry.npmjs.org/@rolldown%2fbinding-win32-x64-msvc 243ms (cache miss)
182 silly packumentCache full:https://registry.npmjs.org/@rolldown%2fbinding-win32-x64-msvc set size:undefined disposed:false
183 silly fetch manifest @rolldown/binding-linux-x64-gnu@1.0.0-rc.9
184 silly packumentCache full:https://registry.npmjs.org/@rolldown%2fbinding-linux-x64-gnu cache-miss
185 http fetch GET 200 https://registry.npmjs.org/@rolldown%2fbinding-linux-x64-gnu 321ms (cache miss)
186 silly packumentCache full:https://registry.npmjs.org/@rolldown%2fbinding-linux-x64-gnu set size:undefined disposed:false
187 silly fetch manifest @rolldown/binding-linux-x64-musl@1.0.0-rc.9
188 silly packumentCache full:https://registry.npmjs.org/@rolldown%2fbinding-linux-x64-musl cache-miss
189 http fetch GET 200 https://registry.npmjs.org/@rolldown%2fbinding-linux-x64-musl 368ms (cache miss)
190 silly packumentCache full:https://registry.npmjs.org/@rolldown%2fbinding-linux-x64-musl set size:undefined disposed:false
191 silly fetch manifest @rolldown/binding-freebsd-x64@1.0.0-rc.9
192 silly packumentCache full:https://registry.npmjs.org/@rolldown%2fbinding-freebsd-x64 cache-miss
193 http fetch GET 200 https://registry.npmjs.org/@rolldown%2fbinding-freebsd-x64 253ms (cache miss)
194 silly packumentCache full:https://registry.npmjs.org/@rolldown%2fbinding-freebsd-x64 set size:undefined disposed:false
195 silly fetch manifest @rolldown/binding-linux-arm-gnueabihf@1.0.0-rc.9
196 silly packumentCache full:https://registry.npmjs.org/@rolldown%2fbinding-linux-arm-gnueabihf cache-miss
197 http fetch GET 200 https://registry.npmjs.org/@rolldown%2fbinding-linux-arm-gnueabihf 321ms (cache miss)
198 silly packumentCache full:https://registry.npmjs.org/@rolldown%2fbinding-linux-arm-gnueabihf set size:undefined disposed:false
199 silly fetch manifest @rolldown/binding-linux-arm64-gnu@1.0.0-rc.9
200 silly packumentCache full:https://registry.npmjs.org/@rolldown%2fbinding-linux-arm64-gnu cache-miss
201 http fetch GET 200 https://registry.npmjs.org/@rolldown%2fbinding-linux-arm64-gnu 522ms (cache miss)
202 silly packumentCache full:https://registry.npmjs.org/@rolldown%2fbinding-linux-arm64-gnu set size:undefined disposed:false
203 silly fetch manifest @rolldown/binding-darwin-arm64@1.0.0-rc.9
204 silly packumentCache full:https://registry.npmjs.org/@rolldown%2fbinding-darwin-arm64 cache-miss
205 http fetch GET 200 https://registry.npmjs.org/@rolldown%2fbinding-darwin-arm64 629ms (cache miss)
206 silly packumentCache full:https://registry.npmjs.org/@rolldown%2fbinding-darwin-arm64 set size:undefined disposed:false
207 silly fetch manifest @rolldown/binding-linux-arm64-musl@1.0.0-rc.9
208 silly packumentCache full:https://registry.npmjs.org/@rolldown%2fbinding-linux-arm64-musl cache-miss
209 http fetch GET 200 https://registry.npmjs.org/@rolldown%2fbinding-linux-arm64-musl 340ms (cache miss)
210 silly packumentCache full:https://registry.npmjs.org/@rolldown%2fbinding-linux-arm64-musl set size:undefined disposed:false
211 silly fetch manifest @rolldown/binding-openharmony-arm64@1.0.0-rc.9
212 silly packumentCache full:https://registry.npmjs.org/@rolldown%2fbinding-openharmony-arm64 cache-miss
213 http fetch GET 200 https://registry.npmjs.org/@rolldown%2fbinding-openharmony-arm64 151ms (cache miss)
214 silly packumentCache full:https://registry.npmjs.org/@rolldown%2fbinding-openharmony-arm64 set size:undefined disposed:false
215 silly fetch manifest @rolldown/binding-win32-arm64-msvc@1.0.0-rc.9
216 silly packumentCache full:https://registry.npmjs.org/@rolldown%2fbinding-win32-arm64-msvc cache-miss
217 http fetch GET 200 https://registry.npmjs.org/@rolldown%2fbinding-win32-arm64-msvc 282ms (cache miss)
218 silly packumentCache full:https://registry.npmjs.org/@rolldown%2fbinding-win32-arm64-msvc set size:undefined disposed:false
219 silly fetch manifest @rolldown/binding-android-arm64@1.0.0-rc.9
220 silly packumentCache full:https://registry.npmjs.org/@rolldown%2fbinding-android-arm64 cache-miss
221 http fetch GET 200 https://registry.npmjs.org/@rolldown%2fbinding-android-arm64 216ms (cache miss)
222 silly packumentCache full:https://registry.npmjs.org/@rolldown%2fbinding-android-arm64 set size:undefined disposed:false
223 silly fetch manifest @rolldown/binding-wasm32-wasi@1.0.0-rc.9
224 silly packumentCache full:https://registry.npmjs.org/@rolldown%2fbinding-wasm32-wasi cache-miss
225 http fetch GET 200 https://registry.npmjs.org/@rolldown%2fbinding-wasm32-wasi 245ms (cache miss)
226 silly packumentCache full:https://registry.npmjs.org/@rolldown%2fbinding-wasm32-wasi set size:undefined disposed:false
227 silly fetch manifest @rolldown/binding-linux-s390x-gnu@1.0.0-rc.9
228 silly packumentCache full:https://registry.npmjs.org/@rolldown%2fbinding-linux-s390x-gnu cache-miss
229 http fetch GET 200 https://registry.npmjs.org/@rolldown%2fbinding-linux-s390x-gnu 273ms (cache miss)
230 silly packumentCache full:https://registry.npmjs.org/@rolldown%2fbinding-linux-s390x-gnu set size:undefined disposed:false
231 silly fetch manifest @rolldown/binding-linux-ppc64-gnu@1.0.0-rc.9
232 silly packumentCache full:https://registry.npmjs.org/@rolldown%2fbinding-linux-ppc64-gnu cache-miss
233 http fetch GET 200 https://registry.npmjs.org/@rolldown%2fbinding-linux-ppc64-gnu 151ms (cache miss)
234 silly packumentCache full:https://registry.npmjs.org/@rolldown%2fbinding-linux-ppc64-gnu set size:undefined disposed:false
235 silly fetch manifest fdir@^6.5.0
236 silly packumentCache full:https://registry.npmjs.org/fdir cache-miss
237 http fetch GET 200 https://registry.npmjs.org/fdir 172ms (cache miss)
238 silly packumentCache full:https://registry.npmjs.org/fdir set size:undefined disposed:false
239 silly placeDep ROOT detect-libc@2.1.2 OK for: lightningcss@1.32.0 want: ^2.0.3
240 silly placeDep ROOT lightningcss-android-arm64@1.32.0 OK for: lightningcss@1.32.0 want: 1.32.0
241 silly placeDep ROOT lightningcss-darwin-arm64@1.32.0 OK for: lightningcss@1.32.0 want: 1.32.0
242 silly placeDep ROOT lightningcss-darwin-x64@1.32.0 OK for: lightningcss@1.32.0 want: 1.32.0
243 silly placeDep ROOT lightningcss-freebsd-x64@1.32.0 OK for: lightningcss@1.32.0 want: 1.32.0
244 silly placeDep ROOT lightningcss-linux-arm-gnueabihf@1.32.0 OK for: lightningcss@1.32.0 want: 1.32.0
245 silly placeDep ROOT lightningcss-linux-arm64-gnu@1.32.0 OK for: lightningcss@1.32.0 want: 1.32.0
246 silly placeDep ROOT lightningcss-linux-arm64-musl@1.32.0 OK for: lightningcss@1.32.0 want: 1.32.0
247 silly placeDep ROOT lightningcss-linux-x64-gnu@1.32.0 OK for: lightningcss@1.32.0 want: 1.32.0
248 silly placeDep ROOT lightningcss-linux-x64-musl@1.32.0 OK for: lightningcss@1.32.0 want: 1.32.0
249 silly placeDep ROOT lightningcss-win32-arm64-msvc@1.32.0 OK for: lightningcss@1.32.0 want: 1.32.0
250 silly placeDep ROOT lightningcss-win32-x64-msvc@1.32.0 OK for: lightningcss@1.32.0 want: 1.32.0
251 silly placeDep ROOT nanoid@3.3.11 OK for: postcss@8.5.8 want: ^3.3.11
252 silly placeDep ROOT picocolors@1.1.1 OK for: postcss@8.5.8 want: ^1.1.1
253 silly placeDep ROOT source-map-js@1.2.1 OK for: postcss@8.5.8 want: ^1.2.1
254 silly placeDep ROOT @oxc-project/types@0.115.0 OK for: rolldown@1.0.0-rc.9 want: =0.115.0
255 silly placeDep ROOT @rolldown/binding-android-arm64@1.0.0-rc.9 OK for: rolldown@1.0.0-rc.9 want: 1.0.0-rc.9
256 silly placeDep ROOT @rolldown/binding-darwin-arm64@1.0.0-rc.9 OK for: rolldown@1.0.0-rc.9 want: 1.0.0-rc.9
257 silly placeDep ROOT @rolldown/binding-darwin-x64@1.0.0-rc.9 OK for: rolldown@1.0.0-rc.9 want: 1.0.0-rc.9
258 silly placeDep ROOT @rolldown/binding-freebsd-x64@1.0.0-rc.9 OK for: rolldown@1.0.0-rc.9 want: 1.0.0-rc.9
259 silly placeDep ROOT @rolldown/binding-linux-arm-gnueabihf@1.0.0-rc.9 OK for: rolldown@1.0.0-rc.9 want: 1.0.0-rc.9
260 silly placeDep ROOT @rolldown/binding-linux-arm64-gnu@1.0.0-rc.9 OK for: rolldown@1.0.0-rc.9 want: 1.0.0-rc.9
261 silly placeDep ROOT @rolldown/binding-linux-arm64-musl@1.0.0-rc.9 OK for: rolldown@1.0.0-rc.9 want: 1.0.0-rc.9
262 silly placeDep ROOT @rolldown/binding-linux-ppc64-gnu@1.0.0-rc.9 OK for: rolldown@1.0.0-rc.9 want: 1.0.0-rc.9
263 silly placeDep ROOT @rolldown/binding-linux-s390x-gnu@1.0.0-rc.9 OK for: rolldown@1.0.0-rc.9 want: 1.0.0-rc.9
264 silly placeDep ROOT @rolldown/binding-linux-x64-gnu@1.0.0-rc.9 OK for: rolldown@1.0.0-rc.9 want: 1.0.0-rc.9
265 silly placeDep ROOT @rolldown/binding-linux-x64-musl@1.0.0-rc.9 OK for: rolldown@1.0.0-rc.9 want: 1.0.0-rc.9
266 silly placeDep ROOT @rolldown/binding-openharmony-arm64@1.0.0-rc.9 OK for: rolldown@1.0.0-rc.9 want: 1.0.0-rc.9
267 silly placeDep ROOT @rolldown/binding-wasm32-wasi@1.0.0-rc.9 OK for: rolldown@1.0.0-rc.9 want: 1.0.0-rc.9
268 silly placeDep ROOT @rolldown/binding-win32-arm64-msvc@1.0.0-rc.9 OK for: rolldown@1.0.0-rc.9 want: 1.0.0-rc.9
269 silly placeDep ROOT @rolldown/binding-win32-x64-msvc@1.0.0-rc.9 OK for: rolldown@1.0.0-rc.9 want: 1.0.0-rc.9
270 silly placeDep ROOT @rolldown/pluginutils@1.0.0-rc.9 OK for: rolldown@1.0.0-rc.9 want: 1.0.0-rc.9
271 silly fetch manifest @napi-rs/wasm-runtime@^1.1.1
272 silly packumentCache full:https://registry.npmjs.org/@napi-rs%2fwasm-runtime cache-miss
273 http fetch GET 200 https://registry.npmjs.org/@napi-rs%2fwasm-runtime 144ms (cache miss)
274 silly packumentCache full:https://registry.npmjs.org/@napi-rs%2fwasm-runtime set size:undefined disposed:false
275 silly placeDep ROOT @napi-rs/wasm-runtime@1.1.1 OK for: @rolldown/binding-wasm32-wasi@1.0.0-rc.9 want: ^1.1.1
276 silly fetch manifest @emnapi/core@^1.7.1
277 silly packumentCache full:https://registry.npmjs.org/@emnapi%2fcore cache-miss
278 http fetch GET 200 https://registry.npmjs.org/@emnapi%2fcore 166ms (cache miss)
279 silly packumentCache full:https://registry.npmjs.org/@emnapi%2fcore set size:undefined disposed:false
280 silly fetch manifest @emnapi/runtime@^1.7.1
281 silly packumentCache full:https://registry.npmjs.org/@emnapi%2fruntime cache-miss
282 http fetch GET 200 https://registry.npmjs.org/@emnapi%2fruntime 167ms (cache miss)
283 silly packumentCache full:https://registry.npmjs.org/@emnapi%2fruntime set size:undefined disposed:false
284 silly fetch manifest @tybys/wasm-util@^0.10.1
285 silly packumentCache full:https://registry.npmjs.org/@tybys%2fwasm-util cache-miss
286 http fetch GET 200 https://registry.npmjs.org/@tybys%2fwasm-util 152ms (cache miss)
287 silly packumentCache full:https://registry.npmjs.org/@tybys%2fwasm-util set size:undefined disposed:false
288 silly placeDep ROOT @emnapi/core@1.9.0 OK for: @napi-rs/wasm-runtime@1.1.1 want: ^1.7.1
289 silly placeDep ROOT @emnapi/runtime@1.9.0 OK for: @napi-rs/wasm-runtime@1.1.1 want: ^1.7.1
290 silly placeDep ROOT @tybys/wasm-util@0.10.1 OK for: @napi-rs/wasm-runtime@1.1.1 want: ^0.10.1
291 silly fetch manifest @emnapi/wasi-threads@1.2.0
292 silly packumentCache full:https://registry.npmjs.org/@emnapi%2fwasi-threads cache-miss
293 http fetch GET 200 https://registry.npmjs.org/@emnapi%2fwasi-threads 164ms (cache miss)
294 silly packumentCache full:https://registry.npmjs.org/@emnapi%2fwasi-threads set size:undefined disposed:false
295 silly fetch manifest tslib@^2.4.0
296 silly packumentCache full:https://registry.npmjs.org/tslib cache-miss
297 http fetch GET 200 https://registry.npmjs.org/tslib 133ms (cache miss)
298 silly packumentCache full:https://registry.npmjs.org/tslib set size:undefined disposed:false
299 silly placeDep ROOT @emnapi/wasi-threads@1.2.0 OK for: @emnapi/core@1.9.0 want: 1.2.0
300 silly placeDep ROOT tslib@2.8.1 OK for: @emnapi/core@1.9.0 want: ^2.4.0
301 silly placeDep ROOT fdir@6.5.0 OK for: tinyglobby@0.2.15 want: ^6.5.0
302 silly reify moves {}
303 silly audit bulk request {
303 silly audit   vite: [ '8.0.0' ],
303 silly audit   '@oxc-project/runtime': [ '0.115.0' ],
303 silly audit   fsevents: [ '2.3.3' ],
303 silly audit   lightningcss: [ '1.32.0' ],
303 silly audit   picomatch: [ '4.0.3' ],
303 silly audit   postcss: [ '8.5.8' ],
303 silly audit   rolldown: [ '1.0.0-rc.9' ],
303 silly audit   tinyglobby: [ '0.2.15' ],
303 silly audit   'detect-libc': [ '2.1.2' ],
303 silly audit   'lightningcss-android-arm64': [ '1.32.0' ],
303 silly audit   'lightningcss-darwin-arm64': [ '1.32.0' ],
303 silly audit   'lightningcss-darwin-x64': [ '1.32.0' ],
303 silly audit   'lightningcss-freebsd-x64': [ '1.32.0' ],
303 silly audit   'lightningcss-linux-arm-gnueabihf': [ '1.32.0' ],
303 silly audit   'lightningcss-linux-arm64-gnu': [ '1.32.0' ],
303 silly audit   'lightningcss-linux-arm64-musl': [ '1.32.0' ],
303 silly audit   'lightningcss-linux-x64-gnu': [ '1.32.0' ],
303 silly audit   'lightningcss-linux-x64-musl': [ '1.32.0' ],
303 silly audit   'lightningcss-win32-arm64-msvc': [ '1.32.0' ],
303 silly audit   'lightningcss-win32-x64-msvc': [ '1.32.0' ],
303 silly audit   nanoid: [ '3.3.11' ],
303 silly audit   picocolors: [ '1.1.1' ],
303 silly audit   'source-map-js': [ '1.2.1' ],
303 silly audit   '@oxc-project/types': [ '0.115.0' ],
303 silly audit   '@rolldown/binding-android-arm64': [ '1.0.0-rc.9' ],
303 silly audit   '@rolldown/binding-darwin-arm64': [ '1.0.0-rc.9' ],
303 silly audit   '@rolldown/binding-darwin-x64': [ '1.0.0-rc.9' ],
303 silly audit   '@rolldown/binding-freebsd-x64': [ '1.0.0-rc.9' ],
303 silly audit   '@rolldown/binding-linux-arm-gnueabihf': [ '1.0.0-rc.9' ],
303 silly audit   '@rolldown/binding-linux-arm64-gnu': [ '1.0.0-rc.9' ],
303 silly audit   '@rolldown/binding-linux-arm64-musl': [ '1.0.0-rc.9' ],
303 silly audit   '@rolldown/binding-linux-ppc64-gnu': [ '1.0.0-rc.9' ],
303 silly audit   '@rolldown/binding-linux-s390x-gnu': [ '1.0.0-rc.9' ],
303 silly audit   '@rolldown/binding-linux-x64-gnu': [ '1.0.0-rc.9' ],
303 silly audit   '@rolldown/binding-linux-x64-musl': [ '1.0.0-rc.9' ],
303 silly audit   '@rolldown/binding-openharmony-arm64': [ '1.0.0-rc.9' ],
303 silly audit   '@rolldown/binding-wasm32-wasi': [ '1.0.0-rc.9' ],
303 silly audit   '@rolldown/binding-win32-arm64-msvc': [ '1.0.0-rc.9' ],
303 silly audit   '@rolldown/binding-win32-x64-msvc': [ '1.0.0-rc.9' ],
303 silly audit   '@rolldown/pluginutils': [ '1.0.0-rc.9' ],
303 silly audit   '@napi-rs/wasm-runtime': [ '1.1.1' ],
303 silly audit   '@emnapi/core': [ '1.9.0' ],
303 silly audit   '@emnapi/runtime': [ '1.9.0' ],
303 silly audit   '@tybys/wasm-util': [ '0.10.1' ],
303 silly audit   '@emnapi/wasi-threads': [ '1.2.0' ],
303 silly audit   tslib: [ '2.8.1' ],
303 silly audit   fdir: [ '6.5.0' ]
303 silly audit }
304 http cache fdir@https://registry.npmjs.org/fdir/-/fdir-6.5.0.tgz 0ms (cache hit)
305 http cache @rolldown/pluginutils@https://registry.npmjs.org/@rolldown/pluginutils/-/pluginutils-1.0.0-rc.9.tgz 0ms (cache hit)
306 http cache @rolldown/binding-linux-x64-gnu@https://registry.npmjs.org/@rolldown/binding-linux-x64-gnu/-/binding-linux-x64-gnu-1.0.0-rc.9.tgz 0ms (cache hit)
307 http cache @oxc-project/types@https://registry.npmjs.org/@oxc-project/types/-/types-0.115.0.tgz 1ms (cache hit)
308 http cache source-map-js@https://registry.npmjs.org/source-map-js/-/source-map-js-1.2.1.tgz 0ms (cache hit)
309 http cache picocolors@https://registry.npmjs.org/picocolors/-/picocolors-1.1.1.tgz 0ms (cache hit)
310 http cache nanoid@https://registry.npmjs.org/nanoid/-/nanoid-3.3.11.tgz 0ms (cache hit)
311 http cache lightningcss-linux-x64-gnu@https://registry.npmjs.org/lightningcss-linux-x64-gnu/-/lightningcss-linux-x64-gnu-1.32.0.tgz 0ms (cache hit)
312 http cache detect-libc@https://registry.npmjs.org/detect-libc/-/detect-libc-2.1.2.tgz 0ms (cache hit)
313 http cache tinyglobby@https://registry.npmjs.org/tinyglobby/-/tinyglobby-0.2.15.tgz 0ms (cache hit)
314 http cache rolldown@https://registry.npmjs.org/rolldown/-/rolldown-1.0.0-rc.9.tgz 0ms (cache hit)
315 http cache postcss@https://registry.npmjs.org/postcss/-/postcss-8.5.8.tgz 0ms (cache hit)
316 http cache picomatch@https://registry.npmjs.org/picomatch/-/picomatch-4.0.3.tgz 0ms (cache hit)
317 http cache lightningcss@https://registry.npmjs.org/lightningcss/-/lightningcss-1.32.0.tgz 0ms (cache hit)
318 http cache @oxc-project/runtime@https://registry.npmjs.org/@oxc-project/runtime/-/runtime-0.115.0.tgz 0ms (cache hit)
319 http cache vite@https://registry.npmjs.org/vite/-/vite-8.0.0.tgz 0ms (cache hit)
320 silly tarball no local data for fdir@https://registry.npmjs.org/fdir/-/fdir-6.5.0.tgz. Extracting by manifest.
321 silly tarball no local data for @rolldown/pluginutils@https://registry.npmjs.org/@rolldown/pluginutils/-/pluginutils-1.0.0-rc.9.tgz. Extracting by manifest.
322 silly tarball no local data for @rolldown/binding-linux-x64-gnu@https://registry.npmjs.org/@rolldown/binding-linux-x64-gnu/-/binding-linux-x64-gnu-1.0.0-rc.9.tgz. Extracting by manifest.
323 silly tarball no local data for @oxc-project/types@https://registry.npmjs.org/@oxc-project/types/-/types-0.115.0.tgz. Extracting by manifest.
324 silly tarball no local data for lightningcss-linux-x64-gnu@https://registry.npmjs.org/lightningcss-linux-x64-gnu/-/lightningcss-linux-x64-gnu-1.32.0.tgz. Extracting by manifest.
325 silly tarball no local data for detect-libc@https://registry.npmjs.org/detect-libc/-/detect-libc-2.1.2.tgz. Extracting by manifest.
326 silly tarball no local data for tinyglobby@https://registry.npmjs.org/tinyglobby/-/tinyglobby-0.2.15.tgz. Extracting by manifest.
327 silly tarball no local data for rolldown@https://registry.npmjs.org/rolldown/-/rolldown-1.0.0-rc.9.tgz. Extracting by manifest.
328 silly tarball no local data for lightningcss@https://registry.npmjs.org/lightningcss/-/lightningcss-1.32.0.tgz. Extracting by manifest.
329 silly tarball no local data for @oxc-project/runtime@https://registry.npmjs.org/@oxc-project/runtime/-/runtime-0.115.0.tgz. Extracting by manifest.
330 silly tarball no local data for vite@https://registry.npmjs.org/vite/-/vite-8.0.0.tgz. Extracting by manifest.
331 http fetch POST 200 https://registry.npmjs.org/-/npm/v1/security/advisories/bulk 292ms
332 silly audit report {}
333 http fetch GET 200 https://registry.npmjs.org/@oxc-project/types/-/types-0.115.0.tgz 606ms (cache miss)
334 http fetch GET 200 https://registry.npmjs.org/detect-libc/-/detect-libc-2.1.2.tgz 599ms (cache miss)
335 http fetch GET 200 https://registry.npmjs.org/fdir/-/fdir-6.5.0.tgz 637ms (cache miss)
336 http fetch GET 200 https://registry.npmjs.org/tinyglobby/-/tinyglobby-0.2.15.tgz 619ms (cache miss)
337 http fetch GET 200 https://registry.npmjs.org/@rolldown/pluginutils/-/pluginutils-1.0.0-rc.9.tgz 763ms (cache miss)
338 http fetch GET 200 https://registry.npmjs.org/lightningcss/-/lightningcss-1.32.0.tgz 964ms (cache miss)
339 http fetch GET 200 https://registry.npmjs.org/rolldown/-/rolldown-1.0.0-rc.9.tgz 1164ms (cache miss)
340 http fetch GET 200 https://registry.npmjs.org/vite/-/vite-8.0.0.tgz 1279ms (cache miss)
341 http fetch GET 200 https://registry.npmjs.org/@oxc-project/runtime/-/runtime-0.115.0.tgz 1744ms (cache miss)
342 http fetch GET 200 https://registry.npmjs.org/@rolldown/binding-linux-x64-gnu/-/binding-linux-x64-gnu-1.0.0-rc.9.tgz 3711ms (cache miss)
343 http fetch GET 200 https://registry.npmjs.org/lightningcss-linux-x64-gnu/-/lightningcss-linux-x64-gnu-1.32.0.tgz 6355ms (cache miss)
344 verbose cwd /home/divine/Documents/GitHub/Group-Prototype-1
345 verbose os Linux 6.17.0-14-generic
346 verbose node v24.14.0
347 verbose npm  v11.9.0
348 verbose exit 1
349 verbose code 1
