0 verbose cli C:\Program Files\nodejs\node.exe C:\Program Files\nodejs\node_modules\npm\bin\npm-cli.js
1 info using npm@11.9.0
2 info using node@v24.14.0
3 silly config load:file:C:\Program Files\nodejs\node_modules\npm\npmrc
4 silly config load:file:C:\Users\jerim\Desktop\DA-VINCI\code\Group-Prototype-1\.npmrc
5 silly config load:file:C:\Users\jerim\.npmrc
6 silly config load:file:C:\Users\jerim\AppData\Roaming\npm\etc\npmrc
7 verbose title npm install
8 verbose argv "install"
9 verbose logfile logs-max:10 dir:C:\Users\jerim\Desktop\DA-VINCI\code\Group-Prototype-1\.npm-cache\_logs\2026-03-23T12_50_56_279Z-
10 verbose logfile C:\Users\jerim\Desktop\DA-VINCI\code\Group-Prototype-1\.npm-cache\_logs\2026-03-23T12_50_56_279Z-debug-0.log
11 silly logfile done cleaning log files
12 silly packumentCache heap:4496293888 maxSize:1124073472 maxEntrySize:562036736
13 silly idealTree buildDeps
14 silly reify moves {}
15 silly audit bulk request {
15 silly audit   '@acemir/cssom': [ '0.9.31' ],
15 silly audit   '@adobe/css-tools': [ '4.4.4' ],
15 silly audit   '@alloc/quick-lru': [ '5.2.0' ],
15 silly audit   '@asamuzakjp/css-color': [ '5.0.1' ],
15 silly audit   'lru-cache': [ '11.2.6', '5.1.1' ],
15 silly audit   '@asamuzakjp/dom-selector': [ '6.8.1' ],
15 silly audit   '@asamuzakjp/nwsapi': [ '2.3.9' ],
15 silly audit   '@babel/code-frame': [ '7.29.0' ],
15 silly audit   '@babel/compat-data': [ '7.29.0' ],
15 silly audit   '@babel/core': [ '7.29.0' ],
15 silly audit   semver: [ '6.3.1', '7.7.4' ],
15 silly audit   '@babel/generator': [ '7.29.1' ],
15 silly audit   '@babel/helper-compilation-targets': [ '7.28.6' ],
15 silly audit   '@babel/helper-globals': [ '7.28.0' ],
15 silly audit   '@babel/helper-module-imports': [ '7.28.6' ],
15 silly audit   '@babel/helper-module-transforms': [ '7.28.6' ],
15 silly audit   '@babel/helper-plugin-utils': [ '7.28.6' ],
15 silly audit   '@babel/helper-string-parser': [ '7.27.1' ],
15 silly audit   '@babel/helper-validator-identifier': [ '7.28.5' ],
15 silly audit   '@babel/helper-validator-option': [ '7.27.1' ],
15 silly audit   '@babel/helpers': [ '7.28.6' ],
15 silly audit   '@babel/parser': [ '7.29.0' ],
15 silly audit   '@babel/plugin-transform-react-jsx-self': [ '7.27.1' ],
15 silly audit   '@babel/plugin-transform-react-jsx-source': [ '7.27.1' ],
15 silly audit   '@babel/runtime': [ '7.28.6' ],
15 silly audit   '@babel/template': [ '7.28.6' ],
15 silly audit   '@babel/traverse': [ '7.29.0' ],
15 silly audit   '@babel/types': [ '7.29.0' ],
15 silly audit   '@bramus/specificity': [ '2.4.2' ],
15 silly audit   '@csstools/color-helpers': [ '6.0.2' ],
15 silly audit   '@csstools/css-calc': [ '3.1.1' ],
15 silly audit   '@csstools/css-color-parser': [ '4.0.2' ],
15 silly audit   '@csstools/css-parser-algorithms': [ '4.0.0' ],
15 silly audit   '@csstools/css-syntax-patches-for-csstree': [ '1.1.0' ],
15 silly audit   '@csstools/css-tokenizer': [ '4.0.0' ],
15 silly audit   '@esbuild/aix-ppc64': [ '0.21.5' ],
15 silly audit   '@esbuild/android-arm': [ '0.21.5' ],
15 silly audit   '@esbuild/android-arm64': [ '0.21.5' ],
15 silly audit   '@esbuild/android-x64': [ '0.21.5' ],
15 silly audit   '@esbuild/darwin-arm64': [ '0.21.5' ],
15 silly audit   '@esbuild/darwin-x64': [ '0.21.5' ],
15 silly audit   '@esbuild/freebsd-arm64': [ '0.21.5' ],
15 silly audit   '@esbuild/freebsd-x64': [ '0.21.5' ],
15 silly audit   '@esbuild/linux-arm': [ '0.21.5' ],
15 silly audit   '@esbuild/linux-arm64': [ '0.21.5' ],
15 silly audit   '@esbuild/linux-ia32': [ '0.21.5' ],
15 silly audit   '@esbuild/linux-loong64': [ '0.21.5' ],
15 silly audit   '@esbuild/linux-mips64el': [ '0.21.5' ],
15 silly audit   '@esbuild/linux-ppc64': [ '0.21.5' ],
15 silly audit   '@esbuild/linux-riscv64': [ '0.21.5' ],
15 silly audit   '@esbuild/linux-s390x': [ '0.21.5' ],
15 silly audit   '@esbuild/linux-x64': [ '0.21.5' ],
15 silly audit   '@esbuild/netbsd-x64': [ '0.21.5' ],
15 silly audit   '@esbuild/openbsd-x64': [ '0.21.5' ],
15 silly audit   '@esbuild/sunos-x64': [ '0.21.5' ],
15 silly audit   '@esbuild/win32-arm64': [ '0.21.5' ],
15 silly audit   '@esbuild/win32-ia32': [ '0.21.5' ],
15 silly audit   '@esbuild/win32-x64': [ '0.21.5' ],
15 silly audit   '@eslint-community/eslint-utils': [ '4.9.1' ],
15 silly audit   '@eslint-community/regexpp': [ '4.12.2' ],
15 silly audit   '@eslint/eslintrc': [ '2.1.4' ],
15 silly audit   'brace-expansion': [ '1.1.12', '2.0.2' ],
15 silly audit   minimatch: [ '3.1.5', '9.0.3' ],
15 silly audit   '@eslint/js': [ '8.57.1' ],
15 silly audit   '@exodus/bytes': [ '1.15.0' ],
15 silly audit   '@humanwhocodes/config-array': [ '0.13.0' ],
15 silly audit   '@humanwhocodes/module-importer': [ '1.0.1' ],
15 silly audit   '@humanwhocodes/object-schema': [ '2.0.3' ],
15 silly audit   '@jest/diff-sequences': [ '30.0.1' ],
15 silly audit   '@jest/expect-utils': [ '30.2.0' ],
15 silly audit   '@jest/get-type': [ '30.1.0' ],
15 silly audit   '@jest/pattern': [ '30.0.1' ],
15 silly audit   '@jest/schemas': [ '30.0.5', '29.6.3' ],
15 silly audit   '@jest/types': [ '30.2.0' ],
15 silly audit   chalk: [ '4.1.2', '3.0.0' ],
15 silly audit   '@jridgewell/gen-mapping': [ '0.3.13' ],
15 silly audit   '@jridgewell/remapping': [ '2.3.5' ],
15 silly audit   '@jridgewell/resolve-uri': [ '3.1.2' ],
15 silly audit   '@jridgewell/sourcemap-codec': [ '1.5.5' ],
15 silly audit   '@jridgewell/trace-mapping': [ '0.3.31' ],
15 silly audit   '@nodelib/fs.scandir': [ '2.1.5' ],
15 silly audit   '@nodelib/fs.stat': [ '2.0.5' ],
15 silly audit   '@nodelib/fs.walk': [ '1.2.8' ],
15 silly audit   '@rolldown/pluginutils': [ '1.0.0-beta.27' ],
15 silly audit   '@rollup/rollup-android-arm-eabi': [ '4.59.0' ],
15 silly audit   '@rollup/rollup-android-arm64': [ '4.59.0' ],
15 silly audit   '@rollup/rollup-darwin-arm64': [ '4.59.0' ],
15 silly audit   '@rollup/rollup-darwin-x64': [ '4.59.0' ],
15 silly audit   '@rollup/rollup-freebsd-arm64': [ '4.59.0' ],
15 silly audit   '@rollup/rollup-freebsd-x64': [ '4.59.0' ],
15 silly audit   '@rollup/rollup-linux-arm-gnueabihf': [ '4.59.0' ],
15 silly audit   '@rollup/rollup-linux-arm-musleabihf': [ '4.59.0' ],
15 silly audit   '@rollup/rollup-linux-arm64-gnu': [ '4.59.0' ],
15 silly audit   '@rollup/rollup-linux-arm64-musl': [ '4.59.0' ],
15 silly audit   '@rollup/rollup-linux-loong64-gnu': [ '4.59.0' ],
15 silly audit   '@rollup/rollup-linux-loong64-musl': [ '4.59.0' ],
15 silly audit   '@rollup/rollup-linux-ppc64-gnu': [ '4.59.0' ],
15 silly audit   '@rollup/rollup-linux-ppc64-musl': [ '4.59.0' ],
15 silly audit   '@rollup/rollup-linux-riscv64-gnu': [ '4.59.0' ],
15 silly audit   '@rollup/rollup-linux-riscv64-musl': [ '4.59.0' ],
15 silly audit   '@rollup/rollup-linux-s390x-gnu': [ '4.59.0' ],
15 silly audit   '@rollup/rollup-linux-x64-gnu': [ '4.59.0' ],
15 silly audit   '@rollup/rollup-linux-x64-musl': [ '4.59.0' ],
15 silly audit   '@rollup/rollup-openbsd-x64': [ '4.59.0' ],
15 silly audit   '@rollup/rollup-openharmony-arm64': [ '4.59.0' ],
15 silly audit   '@rollup/rollup-win32-arm64-msvc': [ '4.59.0' ],
15 silly audit   '@rollup/rollup-win32-ia32-msvc': [ '4.59.0' ],
15 silly audit   '@rollup/rollup-win32-x64-gnu': [ '4.59.0' ],
15 silly audit   '@rollup/rollup-win32-x64-msvc': [ '4.59.0' ],
15 silly audit   '@sinclair/typebox': [ '0.34.48', '0.27.10' ],
15 silly audit   '@testing-library/dom': [ '9.3.4' ],
15 silly audit   'aria-query': [ '5.1.3', '5.3.2' ],
15 silly audit   '@testing-library/jest-dom': [ '5.17.0' ],
15 silly audit   '@testing-library/react': [ '14.3.1' ],
15 silly audit   '@types/aria-query': [ '5.0.4' ],
15 silly audit   '@types/babel__core': [ '7.20.5' ],
15 silly audit   '@types/babel__generator': [ '7.27.0' ],
15 silly audit   '@types/babel__template': [ '7.4.4' ],
15 silly audit   '@types/babel__traverse': [ '7.28.0' ],
15 silly audit   '@types/chai': [ '4.3.20' ],
15 silly audit   '@types/chai-subset': [ '1.3.6' ],
15 silly audit   '@types/estree': [ '1.0.8' ],
15 silly audit   '@types/istanbul-lib-coverage': [ '2.0.6' ],
15 silly audit   '@types/istanbul-lib-report': [ '3.0.3' ],
15 silly audit   '@types/istanbul-reports': [ '3.0.4' ],
15 silly audit   '@types/jest': [ '30.0.0' ],
15 silly audit   'ansi-styles': [ '5.2.0', '4.3.0' ],
15 silly audit   'pretty-format': [ '30.2.0', '29.7.0', '27.5.1' ],
15 silly audit   'react-is': [ '18.3.1', '16.13.1', '17.0.2' ],
15 silly audit   '@types/json-schema': [ '7.0.15' ],
15 silly audit   '@types/node': [ '25.3.5' ],
15 silly audit   '@types/prop-types': [ '15.7.15' ],
15 silly audit   '@types/react': [ '18.3.28' ],
15 silly audit   '@types/react-dom': [ '18.3.7' ],
15 silly audit   '@types/semver': [ '7.7.1' ],
15 silly audit   '@types/stack-utils': [ '2.0.3' ],
15 silly audit   '@types/testing-library__jest-dom': [ '5.14.9' ],
15 silly audit   '@types/yargs': [ '17.0.35' ],
15 silly audit   '@types/yargs-parser': [ '21.0.3' ],
15 silly audit   '@typescript-eslint/eslint-plugin': [ '6.21.0' ],
15 silly audit   '@typescript-eslint/parser': [ '6.21.0' ],
15 silly audit   '@typescript-eslint/scope-manager': [ '6.21.0' ],
15 silly audit   '@typescript-eslint/type-utils': [ '6.21.0' ],
15 silly audit   '@typescript-eslint/types': [ '6.21.0' ],
15 silly audit   '@typescript-eslint/typescript-estree': [ '6.21.0' ],
15 silly audit   '@typescript-eslint/utils': [ '6.21.0' ],
15 silly audit   '@typescript-eslint/visitor-keys': [ '6.21.0' ],
15 silly audit   '@ungap/structured-clone': [ '1.3.0' ],
15 silly audit   '@vitejs/plugin-react': [ '4.7.0' ],
15 silly audit   '@vitest/expect': [ '0.34.6' ],
15 silly audit   '@vitest/runner': [ '0.34.6' ],
15 silly audit   'p-limit': [ '4.0.0', '3.1.0' ],
15 silly audit   'yocto-queue': [ '1.2.2', '0.1.0' ],
15 silly audit   '@vitest/snapshot': [ '0.34.6' ],
15 silly audit   '@vitest/spy': [ '0.34.6' ],
15 silly audit   '@vitest/utils': [ '0.34.6' ],
15 silly audit   acorn: [ '8.16.0' ],
15 silly audit   'acorn-jsx': [ '5.3.2' ],
15 silly audit   'acorn-walk': [ '8.3.5' ],
15 silly audit   'agent-base': [ '7.1.4' ],
15 silly audit   ajv: [ '6.14.0' ],
15 silly audit   'ansi-regex': [ '5.0.1' ],
15 silly audit   'any-promise': [ '1.3.0' ],
15 silly audit   anymatch: [ '3.1.3' ],
15 silly audit   picomatch: [ '2.3.1', '4.0.3' ],
15 silly audit   arg: [ '5.0.2' ],
15 silly audit   argparse: [ '2.0.1' ],
15 silly audit   'array-buffer-byte-length': [ '1.0.2' ],
15 silly audit   'array-includes': [ '3.1.9' ],
15 silly audit   'array-union': [ '2.1.0' ],
15 silly audit   'array.prototype.findlast': [ '1.2.5' ],
15 silly audit   'array.prototype.flat': [ '1.3.3' ],
15 silly audit   'array.prototype.flatmap': [ '1.3.3' ],
15 silly audit   'array.prototype.tosorted': [ '1.1.4' ],
15 silly audit   'arraybuffer.prototype.slice': [ '1.0.4' ],
15 silly audit   'assertion-error': [ '1.1.0' ],
15 silly audit   'async-function': [ '1.0.0' ],
15 silly audit   autoprefixer: [ '10.4.27' ],
15 silly audit   'available-typed-arrays': [ '1.0.7' ],
15 silly audit   'balanced-match': [ '1.0.2' ],
15 silly audit   'baseline-browser-mapping': [ '2.10.0' ],
15 silly audit   'bidi-js': [ '1.0.3' ],
15 silly audit   'binary-extensions': [ '2.3.0' ],
15 silly audit   braces: [ '3.0.3' ],
15 silly audit   browserslist: [ '4.28.1' ],
15 silly audit   cac: [ '6.7.14' ],
15 silly audit   'call-bind': [ '1.0.8' ],
15 silly audit   'call-bind-apply-helpers': [ '1.0.2' ],
15 silly audit   'call-bound': [ '1.0.4' ],
15 silly audit   callsites: [ '3.1.0' ],
15 silly audit   'camelcase-css': [ '2.0.1' ],
15 silly audit   'caniuse-lite': [ '1.0.30001777' ],
15 silly audit   chai: [ '4.5.0' ],
15 silly audit   'check-error': [ '1.0.3' ],
15 silly audit   chokidar: [ '3.6.0' ],
15 silly audit   'glob-parent': [ '5.1.2', '6.0.2' ],
15 silly audit   'ci-info': [ '4.4.0' ],
15 silly audit   'color-convert': [ '2.0.1' ],
15 silly audit   'color-name': [ '1.1.4' ],
15 silly audit   commander: [ '4.1.1' ],
15 silly audit   'concat-map': [ '0.0.1' ],
15 silly audit   confbox: [ '0.1.8' ],
15 silly audit   'convert-source-map': [ '2.0.0' ],
15 silly audit   'cross-spawn': [ '7.0.6' ],
15 silly audit   'css-tree': [ '3.2.1' ],
15 silly audit   'css.escape': [ '1.5.1' ],
15 silly audit   cssesc: [ '3.0.0' ],
15 silly audit   cssstyle: [ '6.2.0' ],
15 silly audit   csstype: [ '3.2.3' ],
15 silly audit   'data-urls': [ '7.0.0' ],
15 silly audit   'data-view-buffer': [ '1.0.2' ],
15 silly audit   'data-view-byte-length': [ '1.0.2' ],
15 silly audit   'data-view-byte-offset': [ '1.0.1' ],
15 silly audit   debug: [ '4.4.3' ],
15 silly audit   'decimal.js': [ '10.6.0' ],
15 silly audit   'deep-eql': [ '4.1.4' ],
15 silly audit   'deep-equal': [ '2.2.3' ],
15 silly audit   'deep-is': [ '0.1.4' ],
15 silly audit   'define-data-property': [ '1.1.4' ],
15 silly audit   'define-properties': [ '1.2.1' ],
15 silly audit   didyoumean: [ '1.2.2' ],
15 silly audit   'diff-sequences': [ '29.6.3' ],
15 silly audit   'dir-glob': [ '3.0.1' ],
15 silly audit   dlv: [ '1.1.3' ],
15 silly audit   doctrine: [ '3.0.0', '2.1.0' ],
15 silly audit   'dom-accessibility-api': [ '0.5.16' ],
15 silly audit   'dunder-proto': [ '1.0.1' ],
15 silly audit   'electron-to-chromium': [ '1.5.307' ],
15 silly audit   entities: [ '6.0.1' ],
15 silly audit   'es-abstract': [ '1.24.1' ],
15 silly audit   'es-define-property': [ '1.0.1' ],
15 silly audit   'es-errors': [ '1.3.0' ],
15 silly audit   'es-get-iterator': [ '1.1.3' ],
15 silly audit   'es-iterator-helpers': [ '1.2.2' ],
15 silly audit   'es-object-atoms': [ '1.1.1' ],
15 silly audit   'es-set-tostringtag': [ '2.1.0' ],
15 silly audit   'es-shim-unscopables': [ '1.1.0' ],
15 silly audit   'es-to-primitive': [ '1.3.0' ],
15 silly audit   esbuild: [ '0.21.5' ],
15 silly audit   escalade: [ '3.2.0' ],
15 silly audit   'escape-string-regexp': [ '4.0.0', '2.0.0' ],
15 silly audit   eslint: [ '8.57.1' ],
15 silly audit   'eslint-config-prettier': [ '9.1.2' ],
15 silly audit   'eslint-plugin-react': [ '7.37.5' ],
15 silly audit   'eslint-plugin-react-hooks': [ '4.6.2' ],
15 silly audit   'eslint-scope': [ '7.2.2' ],
15 silly audit   'eslint-visitor-keys': [ '3.4.3' ],
15 silly audit   espree: [ '9.6.1' ],
15 silly audit   esquery: [ '1.7.0' ],
15 silly audit   esrecurse: [ '4.3.0' ],
15 silly audit   estraverse: [ '5.3.0' ],
15 silly audit   esutils: [ '2.0.3' ],
15 silly audit   expect: [ '30.2.0' ],
15 silly audit   'fast-deep-equal': [ '3.1.3' ],
15 silly audit   'fast-glob': [ '3.3.3' ],
15 silly audit   'fast-json-stable-stringify': [ '2.1.0' ],
15 silly audit   'fast-levenshtein': [ '2.0.6' ],
15 silly audit   fastq: [ '1.20.1' ],
15 silly audit   fdir: [ '6.5.0' ],
15 silly audit   'file-entry-cache': [ '6.0.1' ],
15 silly audit   'fill-range': [ '7.1.1' ],
15 silly audit   'find-up': [ '5.0.0' ],
15 silly audit   'flat-cache': [ '3.2.0' ],
15 silly audit   flatted: [ '3.4.1' ],
15 silly audit   'for-each': [ '0.3.5' ],
15 silly audit   'fraction.js': [ '5.3.4' ],
15 silly audit   'fs.realpath': [ '1.0.0' ],
15 silly audit   fsevents: [ '2.3.3' ],
15 silly audit   'function-bind': [ '1.1.2' ],
15 silly audit   'function.prototype.name': [ '1.1.8' ],
15 silly audit   'functions-have-names': [ '1.2.3' ],
15 silly audit   'generator-function': [ '2.0.1' ],
15 silly audit   gensync: [ '1.0.0-beta.2' ],
15 silly audit   'get-func-name': [ '2.0.2' ],
15 silly audit   'get-intrinsic': [ '1.3.0' ],
15 silly audit   'get-proto': [ '1.0.1' ],
15 silly audit   'get-symbol-description': [ '1.1.0' ],
15 silly audit   glob: [ '7.2.3' ],
15 silly audit   globals: [ '13.24.0' ],
15 silly audit   globalthis: [ '1.0.4' ],
15 silly audit   globby: [ '11.1.0' ],
15 silly audit   gopd: [ '1.2.0' ],
15 silly audit   'graceful-fs': [ '4.2.11' ],
15 silly audit   graphemer: [ '1.4.0' ],
15 silly audit   'has-bigints': [ '1.1.0' ],
15 silly audit   'has-flag': [ '4.0.0' ],
15 silly audit   'has-property-descriptors': [ '1.0.2' ],
15 silly audit   'has-proto': [ '1.2.0' ],
15 silly audit   'has-symbols': [ '1.1.0' ],
15 silly audit   'has-tostringtag': [ '1.0.2' ],
15 silly audit   hasown: [ '2.0.2' ],
15 silly audit   'html-encoding-sniffer': [ '6.0.0' ],
15 silly audit   'http-proxy-agent': [ '7.0.2' ],
15 silly audit   'https-proxy-agent': [ '7.0.6' ],
15 silly audit   ignore: [ '5.3.2' ],
15 silly audit   'import-fresh': [ '3.3.1' ],
15 silly audit   imurmurhash: [ '0.1.4' ],
15 silly audit   'indent-string': [ '4.0.0' ],
15 silly audit   inflight: [ '1.0.6' ],
15 silly audit   inherits: [ '2.0.4' ],
15 silly audit   'internal-slot': [ '1.1.0' ],
15 silly audit   'is-arguments': [ '1.2.0' ],
15 silly audit   'is-array-buffer': [ '3.0.5' ],
15 silly audit   'is-async-function': [ '2.1.1' ],
15 silly audit   'is-bigint': [ '1.1.0' ],
15 silly audit   'is-binary-path': [ '2.1.0' ],
15 silly audit   'is-boolean-object': [ '1.2.2' ],
15 silly audit   'is-callable': [ '1.2.7' ],
15 silly audit   'is-core-module': [ '2.16.1' ],
15 silly audit   'is-data-view': [ '1.0.2' ],
15 silly audit   'is-date-object': [ '1.1.0' ],
15 silly audit   'is-extglob': [ '2.1.1' ],
15 silly audit   'is-finalizationregistry': [ '1.1.1' ],
15 silly audit   'is-generator-function': [ '1.1.2' ],
15 silly audit   'is-glob': [ '4.0.3' ],
15 silly audit   'is-map': [ '2.0.3' ],
15 silly audit   'is-negative-zero': [ '2.0.3' ],
15 silly audit   'is-number': [ '7.0.0' ],
15 silly audit   'is-number-object': [ '1.1.1' ],
15 silly audit   'is-path-inside': [ '3.0.3' ],
15 silly audit   'is-potential-custom-element-name': [ '1.0.1' ],
15 silly audit   'is-regex': [ '1.2.1' ],
15 silly audit   'is-set': [ '2.0.3' ],
15 silly audit   'is-shared-array-buffer': [ '1.0.4' ],
15 silly audit   'is-string': [ '1.1.1' ],
15 silly audit   'is-symbol': [ '1.1.1' ],
15 silly audit   'is-typed-array': [ '1.1.15' ],
15 silly audit   'is-weakmap': [ '2.0.2' ],
15 silly audit   'is-weakref': [ '1.1.1' ],
15 silly audit   'is-weakset': [ '2.0.4' ],
15 silly audit   isarray: [ '2.0.5' ],
15 silly audit   isexe: [ '2.0.0' ],
15 silly audit   'iterator.prototype': [ '1.1.5' ],
15 silly audit   'jest-diff': [ '30.2.0' ],
15 silly audit   'jest-matcher-utils': [ '30.2.0' ],
15 silly audit   'jest-message-util': [ '30.2.0' ],
15 silly audit   'jest-mock': [ '30.2.0' ],
15 silly audit   'jest-regex-util': [ '30.0.1' ],
15 silly audit   'jest-util': [ '30.2.0' ],
15 silly audit   jiti: [ '1.21.7' ],
15 silly audit   'js-tokens': [ '4.0.0' ],
15 silly audit   'js-yaml': [ '4.1.1' ],
15 silly audit   jsdom: [ '28.1.0' ],
15 silly audit   jsesc: [ '3.1.0' ],
15 silly audit   'json-buffer': [ '3.0.1' ],
15 silly audit   'json-schema-traverse': [ '0.4.1' ],
15 silly audit   'json-stable-stringify-without-jsonify': [ '1.0.1' ],
15 silly audit   json5: [ '2.2.3' ],
15 silly audit   'jsx-ast-utils': [ '3.3.5' ],
15 silly audit   keyv: [ '4.5.4' ],
15 silly audit   levn: [ '0.4.1' ],
15 silly audit   lilconfig: [ '3.1.3' ],
15 silly audit   'lines-and-columns': [ '1.2.4' ],
15 silly audit   'local-pkg': [ '0.4.3' ],
15 silly audit   'locate-path': [ '6.0.0' ],
15 silly audit   lodash: [ '4.17.23' ],
15 silly audit   'lodash.merge': [ '4.6.2' ],
15 silly audit   'loose-envify': [ '1.4.0' ],
15 silly audit   loupe: [ '2.3.7' ],
15 silly audit   'lz-string': [ '1.5.0' ],
15 silly audit   'magic-string': [ '0.30.21' ],
15 silly audit   'math-intrinsics': [ '1.1.0' ],
15 silly audit   'mdn-data': [ '2.27.1' ],
15 silly audit   merge2: [ '1.4.1' ],
15 silly audit   micromatch: [ '4.0.8' ],
15 silly audit   'min-indent': [ '1.0.1' ],
15 silly audit   mlly: [ '1.8.1' ],
15 silly audit   pathe: [ '2.0.3', '1.1.2' ],
15 silly audit   ms: [ '2.1.3' ],
15 silly audit   mz: [ '2.7.0' ],
15 silly audit   nanoid: [ '3.3.11' ],
15 silly audit   'natural-compare': [ '1.4.0' ],
15 silly audit   'node-exports-info': [ '1.6.0' ],
15 silly audit   'node-releases': [ '2.0.36' ],
15 silly audit   'normalize-path': [ '3.0.0' ],
15 silly audit   'object-assign': [ '4.1.1' ],
15 silly audit   'object-hash': [ '3.0.0' ],
15 silly audit   'object-inspect': [ '1.13.4' ],
15 silly audit   'object-is': [ '1.1.6' ],
15 silly audit   'object-keys': [ '1.1.1' ],
15 silly audit   'object.assign': [ '4.1.7' ],
15 silly audit   'object.entries': [ '1.1.9' ],
15 silly audit   'object.fromentries': [ '2.0.8' ],
15 silly audit   'object.values': [ '1.2.1' ],
15 silly audit   once: [ '1.4.0' ],
15 silly audit   optionator: [ '0.9.4' ],
15 silly audit   'own-keys': [ '1.0.1' ],
15 silly audit   'p-locate': [ '5.0.0' ],
15 silly audit   'parent-module': [ '1.0.1' ],
15 silly audit   parse5: [ '8.0.0' ],
15 silly audit   'path-exists': [ '4.0.0' ],
15 silly audit   'path-is-absolute': [ '1.0.1' ],
15 silly audit   'path-key': [ '3.1.1' ],
15 silly audit   'path-parse': [ '1.0.7' ],
15 silly audit   'path-type': [ '4.0.0' ],
15 silly audit   pathval: [ '1.1.1' ],
15 silly audit   picocolors: [ '1.1.1' ],
15 silly audit   pify: [ '2.3.0' ],
15 silly audit   pirates: [ '4.0.7' ],
15 silly audit   'pkg-types': [ '1.3.1' ],
15 silly audit   'possible-typed-array-names': [ '1.1.0' ],
15 silly audit   postcss: [ '8.5.8' ],
15 silly audit   'postcss-import': [ '15.1.0' ],
15 silly audit   resolve: [ '1.22.11', '2.0.0-next.6' ],
15 silly audit   'postcss-js': [ '4.1.0' ],
15 silly audit   'postcss-load-config': [ '6.0.1' ],
15 silly audit   'postcss-nested': [ '6.2.0' ],
15 silly audit   'postcss-selector-parser': [ '6.1.2' ],
15 silly audit   'postcss-value-parser': [ '4.2.0' ],
15 silly audit   'prelude-ls': [ '1.2.1' ],
15 silly audit   prettier: [ '2.8.8' ],
15 silly audit   'prop-types': [ '15.8.1' ],
15 silly audit   punycode: [ '2.3.1' ],
15 silly audit   'queue-microtask': [ '1.2.3' ],
15 silly audit   react: [ '18.3.1' ],
15 silly audit   'react-dom': [ '18.3.1' ],
15 silly audit   'react-refresh': [ '0.17.0' ],
15 silly audit   'read-cache': [ '1.0.0' ],
15 silly audit   readdirp: [ '3.6.0' ],
15 silly audit   redent: [ '3.0.0' ],
15 silly audit   'reflect.getprototypeof': [ '1.0.10' ],
15 silly audit   'regexp.prototype.flags': [ '1.5.4' ],
15 silly audit   'require-from-string': [ '2.0.2' ],
15 silly audit   'resolve-from': [ '4.0.0' ],
15 silly audit   reusify: [ '1.1.0' ],
15 silly audit   rimraf: [ '3.0.2' ],
15 silly audit   rollup: [ '4.59.0' ],
15 silly audit   'run-parallel': [ '1.2.0' ],
15 silly audit   'safe-array-concat': [ '1.1.3' ],
15 silly audit   'safe-push-apply': [ '1.0.0' ],
15 silly audit   'safe-regex-test': [ '1.1.0' ],
15 silly audit   saxes: [ '6.0.0' ],
15 silly audit   scheduler: [ '0.23.2' ],
15 silly audit   'set-function-length': [ '1.2.2' ],
15 silly audit   'set-function-name': [ '2.0.2' ],
15 silly audit   'set-proto': [ '1.0.0' ],
15 silly audit   'shebang-command': [ '2.0.0' ],
15 silly audit   'shebang-regex': [ '3.0.0' ],
15 silly audit   'side-channel': [ '1.1.0' ],
15 silly audit   'side-channel-list': [ '1.0.0' ],
15 silly audit   'side-channel-map': [ '1.0.1' ],
15 silly audit   'side-channel-weakmap': [ '1.0.2' ],
15 silly audit   siginfo: [ '2.0.0' ],
15 silly audit   slash: [ '3.0.0' ],
15 silly audit   'source-map-js': [ '1.2.1' ],
15 silly audit   'stack-utils': [ '2.0.6' ],
15 silly audit   stackback: [ '0.0.2' ],
15 silly audit   'std-env': [ '3.10.0' ],
15 silly audit   'stop-iteration-iterator': [ '1.1.0' ],
15 silly audit   'string.prototype.matchall': [ '4.0.12' ],
15 silly audit   'string.prototype.repeat': [ '1.0.0' ],
15 silly audit   'string.prototype.trim': [ '1.2.10' ],
15 silly audit   'string.prototype.trimend': [ '1.0.9' ],
15 silly audit   'string.prototype.trimstart': [ '1.0.8' ],
15 silly audit   'strip-ansi': [ '6.0.1' ],
15 silly audit   'strip-indent': [ '3.0.0' ],
15 silly audit   'strip-json-comments': [ '3.1.1' ],
15 silly audit   'strip-literal': [ '1.3.0' ],
15 silly audit   sucrase: [ '3.35.1' ],
15 silly audit   'supports-color': [ '7.2.0' ],
15 silly audit   'supports-preserve-symlinks-flag': [ '1.0.0' ],
15 silly audit   'symbol-tree': [ '3.2.4' ],
15 silly audit   tailwindcss: [ '3.4.19' ],
15 silly audit   'text-table': [ '0.2.0' ],
15 silly audit   thenify: [ '3.3.1' ],
15 silly audit   'thenify-all': [ '1.6.0' ],
15 silly audit   tinybench: [ '2.9.0' ],
15 silly audit   tinyglobby: [ '0.2.15' ],
15 silly audit   tinypool: [ '0.7.0' ],
15 silly audit   tinyspy: [ '2.2.1' ],
15 silly audit   tldts: [ '7.0.25' ],
15 silly audit   'tldts-core': [ '7.0.25' ],
15 silly audit   'to-regex-range': [ '5.0.1' ],
15 silly audit   'tough-cookie': [ '6.0.0' ],
15 silly audit   tr46: [ '6.0.0' ],
15 silly audit   'ts-api-utils': [ '1.4.3' ],
15 silly audit   'ts-interface-checker': [ '0.1.13' ],
15 silly audit   'type-check': [ '0.4.0' ],
15 silly audit   'type-detect': [ '4.1.0' ],
15 silly audit   'type-fest': [ '0.20.2' ],
15 silly audit   'typed-array-buffer': [ '1.0.3' ],
15 silly audit   'typed-array-byte-length': [ '1.0.3' ],
15 silly audit   'typed-array-byte-offset': [ '1.0.4' ],
15 silly audit   'typed-array-length': [ '1.0.7' ],
15 silly audit   typescript: [ '5.9.3' ],
15 silly audit   ufo: [ '1.6.3' ],
15 silly audit   'unbox-primitive': [ '1.1.0' ],
15 silly audit   undici: [ '7.22.0' ],
15 silly audit   'undici-types': [ '7.18.2' ],
15 silly audit   'update-browserslist-db': [ '1.2.3' ],
15 silly audit   'uri-js': [ '4.4.1' ],
15 silly audit   'util-deprecate': [ '1.0.2' ],
15 silly audit   vite: [ '5.4.21' ],
15 silly audit   'vite-node': [ '0.34.6' ],
15 silly audit   vitest: [ '0.34.6' ],
15 silly audit   'w3c-xmlserializer': [ '5.0.0' ],
15 silly audit   'webidl-conversions': [ '8.0.1' ],
15 silly audit   'whatwg-mimetype': [ '5.0.0' ],
15 silly audit   'whatwg-url': [ '16.0.1' ],
15 silly audit   which: [ '2.0.2' ],
15 silly audit   'which-boxed-primitive': [ '1.1.1' ],
15 silly audit   'which-builtin-type': [ '1.2.1' ],
15 silly audit   'which-collection': [ '1.0.2' ],
15 silly audit   'which-typed-array': [ '1.1.20' ],
15 silly audit   'why-is-node-running': [ '2.3.0' ],
15 silly audit   'word-wrap': [ '1.2.5' ],
15 silly audit   wrappy: [ '1.0.2' ],
15 silly audit   'xml-name-validator': [ '5.0.0' ],
15 silly audit   xmlchars: [ '2.2.0' ],
15 silly audit   yallist: [ '3.1.1' ]
15 silly audit }
16 http fetch POST 200 https://registry.npmjs.org/-/npm/v1/security/advisories/bulk 405ms
17 silly audit report {
17 silly audit report   minimatch: [
17 silly audit report     {
17 silly audit report       id: 1113465,
17 silly audit report       url: 'https://github.com/advisories/GHSA-3ppc-4f35-3m26',
17 silly audit report       title: 'minimatch has a ReDoS via repeated wildcards with non-matching literal in pattern',
17 silly audit report       severity: 'high',
17 silly audit report       vulnerable_versions: '>=9.0.0 <9.0.6',
17 silly audit report       cwe: [Array],
17 silly audit report       cvss: [Object]
17 silly audit report     },
17 silly audit report     {
17 silly audit report       id: 1113544,
17 silly audit report       url: 'https://github.com/advisories/GHSA-7r86-cg39-jmmj',
17 silly audit report       title: 'minimatch has ReDoS: matchOne() combinatorial backtracking via multiple non-adjacent GLOBSTAR segments',
17 silly audit report       severity: 'high',
17 silly audit report       vulnerable_versions: '>=9.0.0 <9.0.7',
17 silly audit report       cwe: [Array],
17 silly audit report       cvss: [Object]
17 silly audit report     },
17 silly audit report     {
17 silly audit report       id: 1113552,
17 silly audit report       url: 'https://github.com/advisories/GHSA-23c5-xmqv-rm74',
17 silly audit report       title: 'minimatch ReDoS: nested *() extglobs generate catastrophically backtracking regular expressions',
17 silly audit report       severity: 'high',
17 silly audit report       vulnerable_versions: '>=9.0.0 <9.0.7',
17 silly audit report       cwe: [Array],
17 silly audit report       cvss: [Object]
17 silly audit report     }
17 silly audit report   ],
17 silly audit report   esbuild: [
17 silly audit report     {
17 silly audit report       id: 1102341,
17 silly audit report       url: 'https://github.com/advisories/GHSA-67mh-4wv8-2f99',
17 silly audit report       title: 'esbuild enables any website to send any requests to the development server and read the response',
17 silly audit report       severity: 'moderate',
17 silly audit report       vulnerable_versions: '<=0.24.2',
17 silly audit report       cwe: [Array],
17 silly audit report       cvss: [Object]
17 silly audit report     }
17 silly audit report   ],
17 silly audit report   flatted: [
17 silly audit report     {
17 silly audit report       id: 1114934,
17 silly audit report       url: 'https://github.com/advisories/GHSA-rf6f-7fwh-wjgh',
17 silly audit report       title: 'Prototype Pollution via parse() in NodeJS flatted',
17 silly audit report       severity: 'high',
17 silly audit report       vulnerable_versions: '<=3.4.1',
17 silly audit report       cwe: [Array],
17 silly audit report       cvss: [Object]
17 silly audit report     }
17 silly audit report   ],
17 silly audit report   undici: [
17 silly audit report     {
17 silly audit report       id: 1114591,
17 silly audit report       url: 'https://github.com/advisories/GHSA-f269-vfmq-vjvj',
17 silly audit report       title: 'Undici: Malicious WebSocket 64-bit length overflows parser and crashes the client',
17 silly audit report       severity: 'high',
17 silly audit report       vulnerable_versions: '>=7.0.0 <7.24.0',
17 silly audit report       cwe: [Array],
17 silly audit report       cvss: [Object]
17 silly audit report     },
17 silly audit report     {
17 silly audit report       id: 1114593,
17 silly audit report       url: 'https://github.com/advisories/GHSA-2mjp-6q6p-2qxm',
17 silly audit report       title: 'Undici has an HTTP Request/Response Smuggling issue',
17 silly audit report       severity: 'moderate',
17 silly audit report       vulnerable_versions: '>=7.0.0 <7.24.0',
17 silly audit report       cwe: [Array],
17 silly audit report       cvss: [Object]
17 silly audit report     },
17 silly audit report     {
17 silly audit report       id: 1114637,
17 silly audit report       url: 'https://github.com/advisories/GHSA-vrm6-8vpv-qv8q',
17 silly audit report       title: 'Undici has Unbounded Memory Consumption in WebSocket permessage-deflate Decompression',
17 silly audit report       severity: 'high',
17 silly audit report       vulnerable_versions: '>=7.0.0 <7.24.0',
17 silly audit report       cwe: [Array],
17 silly audit report       cvss: [Object]
17 silly audit report     },
17 silly audit report     {
17 silly audit report       id: 1114639,
17 silly audit report       url: 'https://github.com/advisories/GHSA-v9p9-hfj2-hcw8',
17 silly audit report       title: 'Undici has Unhandled Exception in WebSocket Client Due to Invalid server_max_window_bits Validation',
17 silly audit report       severity: 'high',
17 silly audit report       vulnerable_versions: '>=7.0.0 <7.24.0',
17 silly audit report       cwe: [Array],
17 silly audit report       cvss: [Object]
17 silly audit report     },
17 silly audit report     {
17 silly audit report       id: 1114641,
17 silly audit report       url: 'https://github.com/advisories/GHSA-4992-7rv2-5pvq',
17 silly audit report       title: 'Undici has CRLF Injection in undici via `upgrade` option',
17 silly audit report       severity: 'moderate',
17 silly audit report       vulnerable_versions: '>=7.0.0 <7.24.0',
17 silly audit report       cwe: [Array],
17 silly audit report       cvss: [Object]
17 silly audit report     },
17 silly audit report     {
17 silly audit report       id: 1114643,
17 silly audit report       url: 'https://github.com/advisories/GHSA-phc3-fgpg-7m6h',
17 silly audit report       title: 'Undici has Unbounded Memory Consumption in its DeduplicationHandler via Response Buffering that leads to DoS',
17 silly audit report       severity: 'moderate',
17 silly audit report       vulnerable_versions: '>=7.17.0 <7.24.0',
17 silly audit report       cwe: [Array],
17 silly audit report       cvss: [Object]
17 silly audit report     }
17 silly audit report   ]
17 silly audit report }
18 silly packumentCache corgi:https://registry.npmjs.org/minimatch cache-miss
19 silly packumentCache corgi:https://registry.npmjs.org/esbuild cache-miss
20 silly packumentCache corgi:https://registry.npmjs.org/flatted cache-miss
21 silly packumentCache corgi:https://registry.npmjs.org/undici cache-miss
22 http fetch GET 200 https://registry.npmjs.org/minimatch 65ms (cache revalidated)
23 silly packumentCache corgi:https://registry.npmjs.org/minimatch set size:167610 disposed:false
24 http fetch GET 200 https://registry.npmjs.org/undici 103ms (cache revalidated)
25 silly packumentCache corgi:https://registry.npmjs.org/undici set size:419992 disposed:false
26 http fetch GET 200 https://registry.npmjs.org/esbuild 111ms (cache revalidated)
27 silly packumentCache corgi:https://registry.npmjs.org/esbuild set size:880945 disposed:false
28 http fetch GET 200 https://registry.npmjs.org/flatted 116ms (cache revalidated)
29 silly packumentCache corgi:https://registry.npmjs.org/flatted set size:57858 disposed:false
30 silly packumentCache corgi:https://registry.npmjs.org/@typescript-eslint%2ftypescript-estree cache-miss
31 http fetch GET 200 https://registry.npmjs.org/@typescript-eslint%2ftypescript-estree 106ms (cache revalidated)
32 silly packumentCache corgi:https://registry.npmjs.org/@typescript-eslint%2ftypescript-estree set size:8546594 disposed:false
33 silly packumentCache corgi:https://registry.npmjs.org/vite cache-miss
34 http fetch GET 200 https://registry.npmjs.org/vite 98ms (cache updated)
35 silly packumentCache corgi:https://registry.npmjs.org/vite set size:undefined disposed:false
36 silly packumentCache corgi:https://registry.npmjs.org/flat-cache cache-miss
37 http fetch GET 200 https://registry.npmjs.org/flat-cache 48ms (cache revalidated)
38 silly packumentCache corgi:https://registry.npmjs.org/flat-cache set size:49632 disposed:false
39 silly packumentCache corgi:https://registry.npmjs.org/jsdom cache-miss
40 http fetch GET 200 https://registry.npmjs.org/jsdom 46ms (cache revalidated)
41 silly packumentCache corgi:https://registry.npmjs.org/jsdom set size:377950 disposed:false
42 silly packumentCache corgi:https://registry.npmjs.org/@typescript-eslint%2fparser cache-miss
43 silly packumentCache corgi:https://registry.npmjs.org/@typescript-eslint%2ftype-utils cache-miss
44 silly packumentCache corgi:https://registry.npmjs.org/@typescript-eslint%2futils cache-miss
45 http fetch GET 200 https://registry.npmjs.org/@typescript-eslint%2ftype-utils 53ms (cache revalidated)
46 silly packumentCache corgi:https://registry.npmjs.org/@typescript-eslint%2ftype-utils set size:4558316 disposed:false
47 http fetch GET 200 https://registry.npmjs.org/@typescript-eslint%2futils 90ms (cache revalidated)
48 silly packumentCache corgi:https://registry.npmjs.org/@typescript-eslint%2futils set size:4565264 disposed:false
49 http fetch GET 200 https://registry.npmjs.org/@typescript-eslint%2fparser 124ms (cache revalidated)
50 silly packumentCache corgi:https://registry.npmjs.org/@typescript-eslint%2fparser set size:7941595 disposed:false
51 silly packumentCache corgi:https://registry.npmjs.org/@vitejs%2fplugin-react cache-miss
52 silly packumentCache corgi:https://registry.npmjs.org/vite-node cache-miss
53 silly packumentCache corgi:https://registry.npmjs.org/vitest cache-miss
54 http fetch GET 200 https://registry.npmjs.org/vitest 41ms (cache revalidated)
55 silly packumentCache corgi:https://registry.npmjs.org/vitest set size:1207532 disposed:false
56 http fetch GET 200 https://registry.npmjs.org/@vitejs%2fplugin-react 102ms (cache revalidated)
57 silly packumentCache corgi:https://registry.npmjs.org/@vitejs%2fplugin-react set size:112470 disposed:false
58 http fetch GET 200 https://registry.npmjs.org/vite-node 123ms (cache revalidated)
59 silly packumentCache corgi:https://registry.npmjs.org/vite-node set size:453359 disposed:false
60 silly packumentCache corgi:https://registry.npmjs.org/@typescript-eslint%2feslint-plugin cache-miss
61 http fetch GET 200 https://registry.npmjs.org/@typescript-eslint%2feslint-plugin 73ms (cache revalidated)
62 silly packumentCache corgi:https://registry.npmjs.org/@typescript-eslint%2feslint-plugin set size:9421821 disposed:false
63 verbose cwd C:\Users\jerim\Desktop\DA-VINCI\code\Group-Prototype-1
64 verbose os Windows_NT 10.0.26200
65 verbose node v24.14.0
66 verbose npm  v11.9.0
67 verbose exit 0
68 info ok
